Change Component Designator: Old Designator=C47 New Designator=C?
Change Component Designator: Old Designator=C48 New Designator=C?
Change Component Designator: Old Designator=C49 New Designator=C?
Change Component Designator: Old Designator=C50 New Designator=C?
Change Component Designator: Old Designator=C51 New Designator=C?
Change Component Designator: Old Designator=C52 New Designator=C?
Change Component Designator: Old Designator=C53 New Designator=C?
Change Component Designator: Old Designator=C58 New Designator=C?
Change Component Designator: Old Designator=C59 New Designator=C?
Change Component Designator: Old Designator=C87 New Designator=C?
Change Component Designator: Old Designator=C153 New Designator=C?
Change Component Designator: Old Designator=C154 New Designator=C?
Change Component Designator: Old Designator=D2 New Designator=D?
Change Component Designator: Old Designator=J2 New Designator=J?
Change Component Designator: Old Designator=JP1 New Designator=JP?
Change Component Designator: Old Designator=P7 New Designator=P?
Change Component Designator: Old Designator=P8 New Designator=P?
Change Component Designator: Old Designator=R66 New Designator=R?
Change Component Designator: Old Designator=R67 New Designator=R?
Change Component Designator: Old Designator=R70 New Designator=R?
Change Component Designator: Old Designator=R86 New Designator=R?
Change Component Designator: Old Designator=R112 New Designator=R?
Change Component Designator: Old Designator=R115 New Designator=R?
Change Component Designator: Old Designator=R116 New Designator=R?
Change Component Designator: Old Designator=R117 New Designator=R?
Change Component Designator: Old Designator=R118 New Designator=R?
Change Component Designator: Old Designator=R119 New Designator=R?
Change Component Designator: Old Designator=R120 New Designator=R?
Change Component Designator: Old Designator=T8 New Designator=T?
Change Component Designator: Old Designator=T10 New Designator=T?
Change Component Designator: Old Designator=T13 New Designator=T?
Change Component Designator: Old Designator=U16 New Designator=U?
Change Component Designator: Old Designator=U21 New Designator=U?
Change Component Designator: Old Designator=U27 New Designator=U?
Change Component Designator: Old Designator=Y1 New Designator=Y?
