Change Component Designator: Old Designator=C? New Designator=C54
Change Component Designator: Old Designator=C? New Designator=C55
Change Component Designator: Old Designator=C? New Designator=C56
Change Component Designator: Old Designator=C? New Designator=C57
Change Component Designator: Old Designator=C? New Designator=C60
Change Component Designator: Old Designator=C? New Designator=C61
Change Component Designator: Old Designator=C? New Designator=C62
Change Component Designator: Old Designator=C? New Designator=C63
Change Component Designator: Old Designator=C? New Designator=C64
Change Component Designator: Old Designator=C? New Designator=C65
Change Component Designator: Old Designator=C? New Designator=C66
Change Component Designator: Old Designator=C? New Designator=C67
Change Component Designator: Old Designator=C? New Designator=C68
Change Component Designator: Old Designator=C? New Designator=C69
Change Component Designator: Old Designator=C? New Designator=C70
Change Component Designator: Old Designator=C? New Designator=C71
Change Component Designator: Old Designator=C? New Designator=C72
Change Component Designator: Old Designator=C? New Designator=C73
Change Component Designator: Old Designator=C? New Designator=C74
Change Component Designator: Old Designator=C? New Designator=C75
Change Component Designator: Old Designator=C? New Designator=C76
Change Component Designator: Old Designator=C? New Designator=C77
Change Component Designator: Old Designator=C? New Designator=C78
Change Component Designator: Old Designator=C? New Designator=C79
Change Component Designator: Old Designator=C? New Designator=C80
Change Component Designator: Old Designator=C? New Designator=C81
Change Component Designator: Old Designator=C? New Designator=C82
Change Component Designator: Old Designator=C? New Designator=C83
Change Component Designator: Old Designator=C? New Designator=C84
Change Component Designator: Old Designator=C? New Designator=C85
Change Component Designator: Old Designator=C? New Designator=C86
Change Component Designator: Old Designator=C? New Designator=C87
Change Component Designator: Old Designator=C? New Designator=C88
Change Component Designator: Old Designator=C? New Designator=C89
Change Component Designator: Old Designator=C? New Designator=C90
Change Component Designator: Old Designator=C? New Designator=C91
Change Component Designator: Old Designator=C? New Designator=C92
Change Component Designator: Old Designator=C? New Designator=C93
Change Component Designator: Old Designator=C? New Designator=C94
Change Component Designator: Old Designator=C? New Designator=C95
Change Component Designator: Old Designator=C? New Designator=C96
Change Component Designator: Old Designator=C? New Designator=C97
Change Component Designator: Old Designator=C? New Designator=C98
Change Component Designator: Old Designator=C? New Designator=C99
Change Component Designator: Old Designator=C? New Designator=C100
Change Component Designator: Old Designator=C? New Designator=C101
Change Component Designator: Old Designator=C? New Designator=C102
Change Component Designator: Old Designator=C? New Designator=C103
Change Component Designator: Old Designator=C? New Designator=C104
Change Component Designator: Old Designator=C? New Designator=C105
Change Component Designator: Old Designator=C? New Designator=C106
Change Component Designator: Old Designator=C? New Designator=C107
Change Component Designator: Old Designator=C? New Designator=C108
Change Component Designator: Old Designator=C? New Designator=C109
Change Component Designator: Old Designator=C? New Designator=C110
Change Component Designator: Old Designator=C? New Designator=C111
Change Component Designator: Old Designator=C? New Designator=C112
Change Component Designator: Old Designator=C? New Designator=C113
Change Component Designator: Old Designator=C? New Designator=C114
Change Component Designator: Old Designator=C? New Designator=C115
Change Component Designator: Old Designator=C? New Designator=C116
Change Component Designator: Old Designator=C? New Designator=C117
Change Component Designator: Old Designator=C? New Designator=C118
Change Component Designator: Old Designator=C? New Designator=C119
Change Component Designator: Old Designator=C? New Designator=C120
Change Component Designator: Old Designator=C? New Designator=C121
Change Component Designator: Old Designator=C? New Designator=C122
Change Component Designator: Old Designator=C? New Designator=C123
Change Component Designator: Old Designator=C? New Designator=C124
Change Component Designator: Old Designator=C? New Designator=C125
Change Component Designator: Old Designator=C? New Designator=C126
Change Component Designator: Old Designator=C? New Designator=C127
Change Component Designator: Old Designator=C? New Designator=C128
Change Component Designator: Old Designator=C? New Designator=C129
Change Component Designator: Old Designator=C? New Designator=C130
Change Component Designator: Old Designator=C? New Designator=C131
Change Component Designator: Old Designator=C? New Designator=C132
Change Component Designator: Old Designator=C? New Designator=C133
Change Component Designator: Old Designator=C? New Designator=C134
Change Component Designator: Old Designator=C? New Designator=C135
Change Component Designator: Old Designator=C? New Designator=C136
Change Component Designator: Old Designator=C? New Designator=C137
Change Component Designator: Old Designator=C? New Designator=C138
Change Component Designator: Old Designator=C? New Designator=C139
Change Component Designator: Old Designator=C? New Designator=C140
Change Component Designator: Old Designator=C? New Designator=C141
Change Component Designator: Old Designator=C? New Designator=C142
Change Component Designator: Old Designator=C? New Designator=C143
Change Component Designator: Old Designator=C? New Designator=C144
Change Component Designator: Old Designator=C? New Designator=C145
Change Component Designator: Old Designator=C? New Designator=C146
Change Component Designator: Old Designator=D? New Designator=D1
Change Component Designator: Old Designator=J? New Designator=J3
Change Component Designator: Old Designator=J? New Designator=J4
Change Component Designator: Old Designator=J? New Designator=J5
Change Component Designator: Old Designator=J? New Designator=J6
Change Component Designator: Old Designator=J? New Designator=J7
Change Component Designator: Old Designator=L? New Designator=L1
Change Component Designator: Old Designator=L? New Designator=L2
Change Component Designator: Old Designator=R? New Designator=R88
Change Component Designator: Old Designator=R? New Designator=R89
Change Component Designator: Old Designator=R? New Designator=R90
Change Component Designator: Old Designator=R? New Designator=R91
Change Component Designator: Old Designator=R? New Designator=R92
Change Component Designator: Old Designator=R? New Designator=R93
Change Component Designator: Old Designator=R? New Designator=R94
Change Component Designator: Old Designator=R? New Designator=R95
Change Component Designator: Old Designator=R? New Designator=R96
Change Component Designator: Old Designator=R? New Designator=R97
Change Component Designator: Old Designator=R? New Designator=R98
Change Component Designator: Old Designator=R? New Designator=R99
Change Component Designator: Old Designator=R? New Designator=R100
Change Component Designator: Old Designator=T? New Designator=T17
Change Component Designator: Old Designator=T? New Designator=T18
Change Component Designator: Old Designator=T? New Designator=T19
Change Component Designator: Old Designator=T? New Designator=T20
Change Component Designator: Old Designator=T? New Designator=T21
Change Component Designator: Old Designator=T? New Designator=T22
Change Component Designator: Old Designator=T? New Designator=T23
Change Component Designator: Old Designator=U? New Designator=U22
