Removed Pin From Net: NetName=DGND Pin=R6-1
Removed Pin From Net: NetName=DGND Pin=R73-1
Removed Pin From Net: NetName=AGND Pin=R73-2
Removed Pin From Net: NetName=DGND Pin=T8-1
Removed Member From Class: ClassName=Power Member=R6
Removed Member From Class: ClassName=Power Member=R8
Removed Member From Class: ClassName=Power Member=R73
Removed Member From Class: ClassName=Power Member=T8
Removed Member From Class: ClassName=Power Member=T8
Removed Member From Class: ClassName=Power Member=T8
Added Pin To Net: NetName=DGND Pin=BOOT1-3
Added Pin To Net: NetName=DGND Pin=C1-1
Added Pin To Net: NetName=DGND Pin=C2-1
Added Pin To Net: NetName=DGND Pin=C3-2
Added Pin To Net: NetName=DGND Pin=C4-2
Added Pin To Net: NetName=DGND Pin=C5-2
Added Pin To Net: NetName=DGND Pin=C47-2
Added Pin To Net: NetName=DGND Pin=C48-2
Added Pin To Net: NetName=DGND Pin=C49-2
Added Pin To Net: NetName=DGND Pin=C50-2
Added Pin To Net: NetName=DGND Pin=C51-2
Added Pin To Net: NetName=DGND Pin=C52-2
Added Pin To Net: NetName=DGND Pin=C53-2
Added Pin To Net: NetName=DGND Pin=C58-2
Added Pin To Net: NetName=DGND Pin=C59-2
Added Pin To Net: NetName=DGND Pin=C147-1
Added Pin To Net: NetName=DGND Pin=C148-2
Added Pin To Net: NetName=DGND Pin=C149-1
Added Pin To Net: NetName=DGND Pin=C150-2
Added Pin To Net: NetName=DGND Pin=C151-1
Added Pin To Net: NetName=DGND Pin=C152-1
Added Pin To Net: NetName=DGND Pin=C153-1
Added Pin To Net: NetName=DGND Pin=C154-2
Added Pin To Net: NetName=DGND Pin=J2-4
Added Pin To Net: NetName=DGND Pin=JP1-4
Added Pin To Net: NetName=DGND Pin=P7-5
Added Pin To Net: NetName=DGND Pin=P8-4
Added Pin To Net: NetName=DGND Pin=R7-2
Added Pin To Net: NetName=DGND Pin=R66-2
Added Pin To Net: NetName=DGND Pin=R111-2
Added Pin To Net: NetName=DGND Pin=R114-2
Added Pin To Net: NetName=DGND Pin=R115-1
Added Pin To Net: NetName=DGND Pin=R118-2
Added Pin To Net: NetName=DGND Pin=R119-1
Added Pin To Net: NetName=DGND Pin=R122-2
Added Pin To Net: NetName=DGND Pin=R125-2
Added Pin To Net: NetName=DGND Pin=T11-1
Added Pin To Net: NetName=DGND Pin=U1-1
Added Pin To Net: NetName=DGND Pin=U1-3
Added Pin To Net: NetName=DGND Pin=U1-6
Added Pin To Net: NetName=DGND Pin=U1-7
Added Pin To Net: NetName=DGND Pin=U2-1
Added Pin To Net: NetName=DGND Pin=U2-3
Added Pin To Net: NetName=DGND Pin=U2-6
Added Pin To Net: NetName=DGND Pin=U2-7
Added Pin To Net: NetName=DGND Pin=U4-4
Added Pin To Net: NetName=DGND Pin=U16-12
Added Pin To Net: NetName=DGND Pin=U16-18
Added Pin To Net: NetName=DGND Pin=U16-31
Added Pin To Net: NetName=DGND Pin=U16-47
Added Pin To Net: NetName=DGND Pin=U16-63
Added Pin To Net: NetName=DGND Pin=U21-1
Added Pin To Net: NetName=DGND Pin=U21-2
Added Pin To Net: NetName=DGND Pin=U21-3
Added Pin To Net: NetName=DGND Pin=U21-4
Added Pin To Net: NetName=DGND Pin=U21-7
Added Pin To Net: NetName=DGND Pin=U23-1
Added Pin To Net: NetName=DGND Pin=U23-6
Added Pin To Net: NetName=DGND Pin=U23-7
Added Pin To Net: NetName=DGND Pin=U24-1
Added Pin To Net: NetName=DGND Pin=U24-6
Added Pin To Net: NetName=DGND Pin=U24-7
Added Pin To Net: NetName=DGND Pin=U25-5
Added Pin To Net: NetName=DGND Pin=U26-5
Added Room: Name=Power
