Removed Pin From Net: NetName=+5V_D Pin=C5-1
Removed Pin From Net: NetName=+5V_485 Pin=R5-1
Removed Pin From Net: NetName=+5V_D Pin=R5-2
Removed Pin From Net: NetName=+5V_D Pin=R126-2
Removed Pin From Net: NetName=+5V_485 Pin=U3-3
Removed Pin From Net: NetName=+5V_D Pin=U4-6
Added Component: Designator=C155(C68uF)
Added Component: Designator=D8(1N5824)
Added Component: Designator=L3(L100uH)
Added Component: Designator=U28(lm2596)
Added Pin To Net: NetName=+5V_D Pin=C91-1
Added Pin To Net: NetName=+5V_D Pin=C92-1
Added Pin To Net: NetName=+5V_D Pin=C93-2
Added Pin To Net: NetName=+5V_D Pin=C94-2
Added Pin To Net: NetName=+5V_485 Pin=C155-1
Added Pin To Net: NetName=SGND Pin=C155-2
Added Pin To Net: NetName=+5V_D Pin=D1-1
Added Pin To Net: NetName=SGND Pin=D8-1
Added Pin To Net: NetName=+5V_D Pin=J4-1
Added Pin To Net: NetName=+5V_485 Pin=L3-2
Added Pin To Net: NetName=+5V_D Pin=R5-1
Added Pin To Net: NetName=+5V_D Pin=U3-3
Added Pin To Net: NetName=+12V Pin=U28-1
Added Pin To Net: NetName=SGND Pin=U28-3
Added Pin To Net: NetName=+5V_485 Pin=U28-4
Added Pin To Net: NetName=SGND Pin=U28-5
Added Pin To Net: NetName=NetC5_1 Pin=C5-1
Added Pin To Net: NetName=NetC5_1 Pin=R5-2
Added Pin To Net: NetName=NetC5_1 Pin=R126-2
Added Pin To Net: NetName=NetC5_1 Pin=U4-6
Added Net: Name=NetC5_1
Added Pin To Net: NetName=NetD8_2 Pin=D8-2
Added Pin To Net: NetName=NetD8_2 Pin=L3-1
Added Pin To Net: NetName=NetD8_2 Pin=U28-2
Added Net: Name=NetD8_2
Added Member To Class: ClassName=Power Member=Component C155 68uF
Added Member To Class: ClassName=Power Member=Component D8 IN5824
Added Member To Class: ClassName=Power Member=Component L3 100uH
Added Member To Class: ClassName=Power Member=Component U28 LM2576-5
Added Room: Name=Power
Added Room: Name=STM32F103RBT6
