Added Component: Designator=C48(0603)
Added Component: Designator=C49(0603)
Added Component: Designator=C50(0603)
Added Component: Designator=C51(0603)
Added Component: Designator=C52(0603)
Added Component: Designator=C53(0603)
Added Component: Designator=U16(LQFP64_M)
Added Component: Designator=U21(SO8)
Added Component: Designator=Y1(XTAL_8M)
Added Pin To Net: NetName=3V3 Pin=C48-1
Added Pin To Net: NetName=GND Pin=C48-2
Added Pin To Net: NetName=3V3 Pin=C49-1
Added Pin To Net: NetName=GND Pin=C49-2
Added Pin To Net: NetName=3V3 Pin=C50-1
Added Pin To Net: NetName=GND Pin=C50-2
Added Pin To Net: NetName=3V3 Pin=C51-1
Added Pin To Net: NetName=GND Pin=C51-2
Added Pin To Net: NetName=3V3 Pin=C52-1
Added Pin To Net: NetName=GND Pin=C52-2
Added Pin To Net: NetName=3V3 Pin=C53-1
Added Pin To Net: NetName=GND Pin=C53-2
Added Pin To Net: NetName=3V3 Pin=U16-1
Added Pin To Net: NetName=X1 Pin=U16-5
Added Pin To Net: NetName=X2 Pin=U16-6
Added Pin To Net: NetName=RST Pin=U16-7
Added Pin To Net: NetName=GND Pin=U16-12
Added Pin To Net: NetName=3V3 Pin=U16-13
Added Pin To Net: NetName=TX2 Pin=U16-16
Added Pin To Net: NetName=RX2 Pin=U16-17
Added Pin To Net: NetName=GND Pin=U16-18
Added Pin To Net: NetName=3V3 Pin=U16-19
Added Pin To Net: NetName=NetR66_1 Pin=U16-28
Added Pin To Net: NetName=GND Pin=U16-31
Added Pin To Net: NetName=3V3 Pin=U16-32
Added Pin To Net: NetName=TX1 Pin=U16-42
Added Pin To Net: NetName=RX1 Pin=U16-43
Added Pin To Net: NetName=SCL Pin=U16-44
Added Pin To Net: NetName=SDA Pin=U16-45
Added Pin To Net: NetName=JTMS Pin=U16-46
Added Pin To Net: NetName=GND Pin=U16-47
Added Pin To Net: NetName=3V3 Pin=U16-48
Added Pin To Net: NetName=JTCK Pin=U16-49
Added Pin To Net: NetName=BOOT0 Pin=U16-60
Added Pin To Net: NetName=GND Pin=U16-63
Added Pin To Net: NetName=3V3 Pin=U16-64
Added Pin To Net: NetName=GND Pin=U21-1
Added Pin To Net: NetName=GND Pin=U21-2
Added Pin To Net: NetName=GND Pin=U21-3
Added Pin To Net: NetName=GND Pin=U21-4
Added Pin To Net: NetName=SDA Pin=U21-5
Added Pin To Net: NetName=SCL Pin=U21-6
Added Pin To Net: NetName=GND Pin=U21-7
Added Pin To Net: NetName=3V3 Pin=U21-8
Added Pin To Net: NetName=X2 Pin=Y1-1
Added Pin To Net: NetName=X1 Pin=Y1-2
Added Member To Class: ClassName=STM32F103RBT6 Member=Component C48 0.1
Added Member To Class: ClassName=STM32F103RBT6 Member=Component C49 0.1
Added Member To Class: ClassName=STM32F103RBT6 Member=Component C50 0.1
Added Member To Class: ClassName=STM32F103RBT6 Member=Component C51 0.1
Added Member To Class: ClassName=STM32F103RBT6 Member=Component C52 0.1
Added Member To Class: ClassName=STM32F103RBT6 Member=Component C53 0.1
Added Member To Class: ClassName=STM32F103RBT6 Member=Component U16 STM32F103RBT6
Added Member To Class: ClassName=STM32F103RBT6 Member=Component U21 24C02
Added Member To Class: ClassName=STM32F103RBT6 Member=Component Y1 
