Added Component: Designator=C?(0402C)
Added Component: Designator=C?(0402C)
Added Component: Designator=C?(0402C)
Added Component: Designator=C?(0402C)
Added Component: Designator=C?(0805C)
Added Component: Designator=C?(0805C)
Added Component: Designator=C?(0805C)
Added Component: Designator=C?(0805C)
Added Component: Designator=C?(0402C)
Added Component: Designator=C?(0402C)
Added Component: Designator=C?(0402C)
Added Component: Designator=C?(0402C)
Added Component: Designator=C?(0402C)
Added Component: Designator=C?(0402C)
Added Component: Designator=C?(0402C)
Added Component: Designator=C?(0805C)
Added Component: Designator=C?(0402C)
Added Component: Designator=C?(0402C)
Added Component: Designator=C?(0402C)
Added Component: Designator=C?(0402C)
Added Component: Designator=C?(0402C)
Added Component: Designator=C?(0402C)
Added Component: Designator=C?(0402C)
Added Component: Designator=C?(0402C)
Added Component: Designator=C?(0402C)
Added Component: Designator=C?(0402C)
Added Component: Designator=C?(0402C)
Added Component: Designator=C?(0402C)
Added Component: Designator=C?(0805C)
Added Component: Designator=C?(0402C)
Added Component: Designator=C?(0402C)
Added Component: Designator=C?(0402C)
Added Component: Designator=C?(0402C)
Added Component: Designator=C?(0402C)
Added Component: Designator=C?(0402C)
Added Component: Designator=C?(0402C)
Added Component: Designator=C?(0402C)
Added Component: Designator=C?(0805C)
Added Component: Designator=C?(0402C)
Added Component: Designator=C?(0402C)
Added Component: Designator=C?(0805C)
Added Component: Designator=C?(0402C)
Added Component: Designator=C?(0402C)
Added Component: Designator=C?(0402C)
Added Component: Designator=C?(0402C)
Added Component: Designator=C?(0402C)
Added Component: Designator=C?(0402C)
Added Component: Designator=C?(0402C)
Added Component: Designator=C?(0402C)
Added Component: Designator=C?(0402C)
Added Component: Designator=C?(0402C)
Added Component: Designator=C?(0402C)
Added Component: Designator=C?(0402C)
Added Component: Designator=C?(0402C)
Added Component: Designator=C?(0402C)
Added Component: Designator=C?(0402C)
Added Component: Designator=C?(0402C)
Added Component: Designator=C?(0402C)
Added Component: Designator=C?(0402C)
Added Component: Designator=C?(0805C)
Added Component: Designator=C?(0402C)
Added Component: Designator=C?(0402C)
Added Component: Designator=C?(0805C)
Added Component: Designator=C?(0402C)
Added Component: Designator=C?(0402C)
Added Component: Designator=C?(0402C)
Added Component: Designator=C?(0402C)
Added Component: Designator=C?(0402C)
Added Component: Designator=C?(0402C)
Added Component: Designator=C?(0402C)
Added Component: Designator=C?(0402C)
Added Component: Designator=C?(0805C)
Added Component: Designator=C?(0402C)
Added Component: Designator=C?(0805C)
Added Component: Designator=C?(0805C)
Added Component: Designator=C?(0805C)
Added Component: Designator=C?(0805C)
Added Component: Designator=C?(0805C)
Added Component: Designator=T?(TEST)
Added Component: Designator=T?(TEST)
Added Component: Designator=T?(TEST)
Added Component: Designator=T?(TEST)
Added Component: Designator=T?(TEST)
Added Component: Designator=T?(TEST)
Added Component: Designator=T?(TEST)
Added Pin To Net: NetName=+1.2V Pin=C?-1
Added Pin To Net: NetName=+1.2V Pin=C?-1
Added Pin To Net: NetName=+1.2V Pin=C?-1
Added Pin To Net: NetName=+2.5V Pin=C?-1
Added Pin To Net: NetName=+3.3V Pin=C?-1
Added Pin To Net: NetName=+3.3V Pin=C?-1
Added Pin To Net: NetName=+3.3V Pin=C?-1
Added Pin To Net: NetName=+3.3V Pin=C?-1
Added Pin To Net: NetName=DGND Pin=C?-1
Added Pin To Net: NetName=DGND Pin=C?-1
Added Pin To Net: NetName=DGND Pin=C?-1
Added Pin To Net: NetName=DGND Pin=C?-1
Added Pin To Net: NetName=DGND Pin=C?-1
Added Pin To Net: NetName=DGND Pin=C?-1
Added Pin To Net: NetName=DGND Pin=C?-1
Added Pin To Net: NetName=DGND Pin=C?-1
Added Pin To Net: NetName=DGND Pin=C?-1
Added Pin To Net: NetName=DGND Pin=C?-1
Added Pin To Net: NetName=DGND Pin=C?-1
Added Pin To Net: NetName=DGND Pin=C?-1
Added Pin To Net: NetName=DGND Pin=C?-1
Added Pin To Net: NetName=DGND Pin=C?-1
Added Pin To Net: NetName=DGND Pin=C?-1
Added Pin To Net: NetName=DGND Pin=C?-1
Added Pin To Net: NetName=DGND Pin=C?-1
Added Pin To Net: NetName=DGND Pin=C?-1
Added Pin To Net: NetName=DGND Pin=C?-1
Added Pin To Net: NetName=DGND Pin=C?-1
Added Pin To Net: NetName=DGND Pin=C?-1
Added Pin To Net: NetName=DGND Pin=C?-1
Added Pin To Net: NetName=DGND Pin=C?-1
Added Pin To Net: NetName=DGND Pin=C?-1
Added Pin To Net: NetName=DGND Pin=C?-1
Added Pin To Net: NetName=DGND Pin=C?-1
Added Pin To Net: NetName=DGND Pin=C?-1
Added Pin To Net: NetName=DGND Pin=C?-1
Added Pin To Net: NetName=DGND Pin=C?-1
Added Pin To Net: NetName=DGND Pin=C?-1
Added Pin To Net: NetName=DGND Pin=C?-1
Added Pin To Net: NetName=DGND Pin=C?-1
Added Pin To Net: NetName=DGND Pin=C?-1
Added Pin To Net: NetName=DGND Pin=C?-1
Added Pin To Net: NetName=DGND Pin=C?-1
Added Pin To Net: NetName=DGND Pin=C?-1
Added Pin To Net: NetName=DGND Pin=C?-1
Added Pin To Net: NetName=DGND Pin=C?-1
Added Pin To Net: NetName=DGND Pin=C?-1
Added Pin To Net: NetName=DGND Pin=C?-1
Added Pin To Net: NetName=DGND Pin=C?-1
Added Pin To Net: NetName=DGND Pin=C?-1
Added Pin To Net: NetName=DGND Pin=C?-1
Added Pin To Net: NetName=DGND Pin=C?-1
Added Pin To Net: NetName=DGND Pin=C?-1
Added Pin To Net: NetName=DGND Pin=C?-1
Added Pin To Net: NetName=DGND Pin=C?-1
Added Pin To Net: NetName=DGND Pin=C?-1
Added Pin To Net: NetName=DGND Pin=C?-1
Added Pin To Net: NetName=DGND Pin=C?-1
Added Pin To Net: NetName=DGND Pin=C?-1
Added Pin To Net: NetName=DGND Pin=C?-1
Added Pin To Net: NetName=DGND Pin=C?-1
Added Pin To Net: NetName=DGND Pin=C?-1
Added Pin To Net: NetName=DGND Pin=C?-1
Added Pin To Net: NetName=DGND Pin=C?-1
Added Pin To Net: NetName=DGND Pin=C?-1
Added Pin To Net: NetName=DGND Pin=C?-1
Added Pin To Net: NetName=DGND Pin=C?-1
Added Pin To Net: NetName=DGND Pin=C?-1
Added Pin To Net: NetName=DGND Pin=C?-1
Added Pin To Net: NetName=DGND Pin=C?-1
Added Pin To Net: NetName=DGND Pin=C?-1
Added Pin To Net: NetName=DGND Pin=C?-1
Added Pin To Net: NetName=DGND Pin=C?-1
Added Pin To Net: NetName=DGND Pin=C?-1
Added Pin To Net: NetName=DGND Pin=C?-1
Added Pin To Net: NetName=DGND Pin=C?-1
Added Pin To Net: NetName=DGND Pin=C?-1
Added Pin To Net: NetName=DGND Pin=C?-1
Added Pin To Net: NetName=DGND Pin=C?-1
Added Pin To Net: NetName=DGND Pin=C?-1
Added Pin To Net: NetName=DGND Pin=C?-1
Added Pin To Net: NetName=DGND Pin=C?-1
Added Pin To Net: NetName=DGND Pin=C?-1
Added Pin To Net: NetName=DGND Pin=C?-1
Added Pin To Net: NetName=DGND Pin=C?-1
Added Pin To Net: NetName=DGND Pin=C?-1
Added Pin To Net: NetName=+1.2V Pin=C?-2
Added Pin To Net: NetName=+1.2V Pin=C?-2
Added Pin To Net: NetName=+1.2V Pin=C?-2
Added Pin To Net: NetName=+1.2V Pin=C?-2
Added Pin To Net: NetName=+1.2V Pin=C?-2
Added Pin To Net: NetName=+1.2V Pin=C?-2
Added Pin To Net: NetName=+1.2V Pin=C?-2
Added Pin To Net: NetName=+1.2V Pin=C?-2
Added Pin To Net: NetName=+1.2V Pin=C?-2
Added Pin To Net: NetName=+1.2V Pin=C?-2
Added Pin To Net: NetName=+1.2V Pin=C?-2
Added Pin To Net: NetName=+1.2V Pin=C?-2
Added Pin To Net: NetName=+1.2V Pin=C?-2
Added Pin To Net: NetName=+1.2V Pin=C?-2
Added Pin To Net: NetName=+1.2V Pin=C?-2
Added Pin To Net: NetName=+1.2V Pin=C?-2
Added Pin To Net: NetName=+1.2V Pin=C?-2
Added Pin To Net: NetName=+1.2V Pin=C?-2
Added Pin To Net: NetName=+1.2V Pin=C?-2
Added Pin To Net: NetName=+1.2V Pin=C?-2
Added Pin To Net: NetName=+1.2V Pin=C?-2
Added Pin To Net: NetName=+1.2V Pin=C?-2
Added Pin To Net: NetName=+1.2V Pin=C?-2
Added Pin To Net: NetName=+1.2V Pin=C?-2
Added Pin To Net: NetName=+1.2V Pin=C?-2
Added Pin To Net: NetName=+1.2V Pin=C?-2
Added Pin To Net: NetName=+1.2V Pin=C?-2
Added Pin To Net: NetName=+1.2V Pin=C?-2
Added Pin To Net: NetName=+1.2V Pin=C?-2
Added Pin To Net: NetName=+1.2V Pin=C?-2
Added Pin To Net: NetName=+1.2V Pin=C?-2
Added Pin To Net: NetName=+1.2V Pin=C?-2
Added Pin To Net: NetName=+1.2V Pin=C?-2
Added Pin To Net: NetName=+2.5V Pin=C?-2
Added Pin To Net: NetName=+2.5V Pin=C?-2
Added Pin To Net: NetName=+2.5V Pin=C?-2
Added Pin To Net: NetName=+2.5V Pin=C?-2
Added Pin To Net: NetName=+2.5V Pin=C?-2
Added Pin To Net: NetName=+2.5V Pin=C?-2
Added Pin To Net: NetName=+2.5V Pin=C?-2
Added Pin To Net: NetName=+2.5V Pin=C?-2
Added Pin To Net: NetName=+2.5V Pin=C?-2
Added Pin To Net: NetName=+3.3V Pin=C?-2
Added Pin To Net: NetName=+3.3V Pin=C?-2
Added Pin To Net: NetName=+3.3V Pin=C?-2
Added Pin To Net: NetName=+3.3V Pin=C?-2
Added Pin To Net: NetName=+3.3V Pin=C?-2
Added Pin To Net: NetName=+3.3V Pin=C?-2
Added Pin To Net: NetName=+3.3V Pin=C?-2
Added Pin To Net: NetName=+3.3V Pin=C?-2
Added Pin To Net: NetName=+3.3V Pin=C?-2
Added Pin To Net: NetName=+3.3V Pin=C?-2
Added Pin To Net: NetName=+3.3V Pin=C?-2
Added Pin To Net: NetName=+3.3V Pin=C?-2
Added Pin To Net: NetName=+3.3V Pin=C?-2
Added Pin To Net: NetName=+3.3V Pin=C?-2
Added Pin To Net: NetName=+3.3V Pin=C?-2
Added Pin To Net: NetName=+3.3V Pin=C?-2
Added Pin To Net: NetName=+3.3V Pin=C?-2
Added Pin To Net: NetName=+3.3V Pin=C?-2
Added Pin To Net: NetName=+3.3V Pin=C?-2
Added Pin To Net: NetName=+3.3V Pin=C?-2
Added Pin To Net: NetName=+3.3V Pin=C?-2
Added Pin To Net: NetName=+3.3V Pin=C?-2
Added Pin To Net: NetName=+3.3V Pin=C?-2
Added Pin To Net: NetName=+3.3V Pin=C?-2
Added Pin To Net: NetName=+3.3V Pin=C?-2
Added Pin To Net: NetName=+3.3V Pin=C?-2
Added Pin To Net: NetName=+3.3V Pin=C?-2
Added Pin To Net: NetName=+3.3V Pin=C?-2
Added Pin To Net: NetName=+3.3V Pin=C?-2
Added Pin To Net: NetName=+3.3V Pin=C?-2
Added Pin To Net: NetName=+3.3V Pin=C?-2
Added Pin To Net: NetName=+3.3V Pin=C?-2
Added Pin To Net: NetName=+3.3V Pin=C?-2
Added Pin To Net: NetName=+3.3V Pin=C?-2
Added Pin To Net: NetName=DGND Pin=C?-2
Added Pin To Net: NetName=DGND Pin=C?-2
Added Pin To Net: NetName=DGND Pin=C?-2
Added Pin To Net: NetName=DGND Pin=C?-2
Added Pin To Net: NetName=DGND Pin=C?-2
Added Pin To Net: NetName=DGND Pin=C?-2
Added Pin To Net: NetName=DGND Pin=C?-2
Added Pin To Net: NetName=DGND Pin=C?-2
Added Pin To Net: NetName=DGND Pin=C?-2
Added Pin To Net: NetName=DGND Pin=C?-2
Added Pin To Net: NetName=DGND Pin=C?-2
Added Pin To Net: NetName=DGND Pin=C?-2
Added Pin To Net: NetName=DGND Pin=C?-2
Added Pin To Net: NetName=+1.2V Pin=T?-1
Added Pin To Net: NetName=+1.2V Pin=T?-1
Added Pin To Net: NetName=+2.5V Pin=T?-1
Added Pin To Net: NetName=+3.3V Pin=T?-1
Added Pin To Net: NetName=+3.3V Pin=T?-1
Added Pin To Net: NetName=DGND Pin=T?-1
Added Pin To Net: NetName=DGND Pin=T?-1
Added Pin To Net: NetName=+5V Pin=C?-1
Added Pin To Net: NetName=+5V Pin=C?-1
Added Pin To Net: NetName=+5V Pin=C?-2
Added Pin To Net: NetName=+5V Pin=C?-2
Added Net: Name=+5V
Added Pin To Net: NetName=NetC?_1 Pin=C?-1
Added Net: Name=NetC?_1
Added Net: Name=NetD?_2
Added Net: Name=NetJ?_2
Added Net: Name=NetL?_1
Added Net: Name=NetR?_1
Added Net: Name=NetR?_2
Added Net: Name=REF_V2
Added Class: Name=FPGA_POWER
Added Room: Name=FPGA_POWER
