Added Pin To Net: NetName=+3.3V Pin=U18-AB2
Added Pin To Net: NetName=+3.3V Pin=U18-AB21
Added Pin To Net: NetName=+3.3V Pin=U18-D4
Added Pin To Net: NetName=+3.3V Pin=U18-D5
Added Pin To Net: NetName=+3.3V Pin=U18-D9
Added Pin To Net: NetName=+3.3V Pin=U18-D11
Added Pin To Net: NetName=+3.3V Pin=U18-D12
Added Pin To Net: NetName=+3.3V Pin=U18-D14
Added Pin To Net: NetName=+3.3V Pin=U18-D16
Added Pin To Net: NetName=+3.3V Pin=U18-E19
Added Pin To Net: NetName=+3.3V Pin=U18-F4
Added Pin To Net: NetName=+3.3V Pin=U18-G19
Added Pin To Net: NetName=+3.3V Pin=U18-K4
Added Pin To Net: NetName=+3.3V Pin=U18-L19
Added Pin To Net: NetName=+3.3V Pin=U18-P18
Added Pin To Net: NetName=+3.3V Pin=U18-U4
Added Pin To Net: NetName=+3.3V Pin=U18-V19
Added Pin To Net: NetName=+3.3V Pin=U18-W4
Added Pin To Net: NetName=+3.3V Pin=U18-W9
Added Pin To Net: NetName=+3.3V Pin=U18-W11
Added Pin To Net: NetName=+3.3V Pin=U18-W12
Added Pin To Net: NetName=+3.3V Pin=U18-W18
Added Pin To Net: NetName=+3.3V Pin=U18-Y19
