Change Component Footprint: Designator=C9 Old Footprint=0805C New Footprint=0603
Change Component Footprint: Designator=C10 Old Footprint=0805C New Footprint=0603
Change Component Footprint: Designator=C11 Old Footprint=0805C New Footprint=0603
Change Component Footprint: Designator=C12 Old Footprint=0805C New Footprint=0603
Change Component Footprint: Designator=C13 Old Footprint=0805C New Footprint=0603
Change Component Footprint: Designator=C14 Old Footprint=0805C New Footprint=0603
Change Component Footprint: Designator=C15 Old Footprint=0805C New Footprint=0603
Change Component Footprint: Designator=C16 Old Footprint=0805C New Footprint=0603
Change Component Footprint: Designator=C17 Old Footprint=0805C New Footprint=0603
Change Component Footprint: Designator=C18 Old Footprint=0805C New Footprint=0603
Change Component Footprint: Designator=C19 Old Footprint=0805C New Footprint=0603
Change Component Footprint: Designator=C20 Old Footprint=0805C New Footprint=0603
Change Component Footprint: Designator=C21 Old Footprint=0805C New Footprint=0603
Change Component Footprint: Designator=C22 Old Footprint=0805C New Footprint=0603
Change Component Footprint: Designator=C23 Old Footprint=0805C New Footprint=0603
Change Component Footprint: Designator=C26 Old Footprint=0805C New Footprint=0603
Change Component Footprint: Designator=C27 Old Footprint=0805C New Footprint=0603
Change Component Footprint: Designator=C28 Old Footprint=0805C New Footprint=0603
Change Component Footprint: Designator=C29 Old Footprint=0805C New Footprint=0603
Change Component Footprint: Designator=C30 Old Footprint=0805C New Footprint=0603
Change Component Footprint: Designator=C31 Old Footprint=0805C New Footprint=0603
Change Component Footprint: Designator=C32 Old Footprint=0805C New Footprint=0603
Change Component Footprint: Designator=C35 Old Footprint=0805C New Footprint=0603
Change Component Footprint: Designator=R9 Old Footprint=0805R New Footprint=0603
Change Component Footprint: Designator=R10 Old Footprint=0805R New Footprint=0603
Change Component Footprint: Designator=R11 Old Footprint=0805R New Footprint=0603
Change Component Footprint: Designator=R12 Old Footprint=0805R New Footprint=0603
Change Component Footprint: Designator=R13 Old Footprint=0805R New Footprint=0603
Change Component Footprint: Designator=R14 Old Footprint=0805R New Footprint=0603
Change Component Footprint: Designator=R15 Old Footprint=0805R New Footprint=0603
Change Component Footprint: Designator=R16 Old Footprint=0805R New Footprint=0603
Change Component Footprint: Designator=R17 Old Footprint=0805R New Footprint=0603
Change Component Footprint: Designator=R18 Old Footprint=0805R New Footprint=0603
Change Component Footprint: Designator=R19 Old Footprint=0805R New Footprint=0603
Change Component Footprint: Designator=R20 Old Footprint=0805R New Footprint=0603
Change Component Footprint: Designator=R21 Old Footprint=0805R New Footprint=0603
Change Component Footprint: Designator=R22 Old Footprint=0805R New Footprint=0603
Change Component Footprint: Designator=R23 Old Footprint=0805R New Footprint=0603
Change Component Footprint: Designator=R24 Old Footprint=0805R New Footprint=0603
Change Component Footprint: Designator=R25 Old Footprint=0805R New Footprint=0603
Change Component Footprint: Designator=R26 Old Footprint=0805R New Footprint=0603
Change Component Footprint: Designator=R27 Old Footprint=0805R New Footprint=0603
Change Component Footprint: Designator=R28 Old Footprint=0805R New Footprint=0603
Change Component Footprint: Designator=R29 Old Footprint=0805R New Footprint=0603
Change Component Footprint: Designator=R30 Old Footprint=0805R New Footprint=0603
Change Component Footprint: Designator=R31 Old Footprint=0805R New Footprint=0603
Change Component Footprint: Designator=R32 Old Footprint=0805R New Footprint=0603
Change Component Footprint: Designator=R33 Old Footprint=0805R New Footprint=0603
Change Component Footprint: Designator=R34 Old Footprint=0805R New Footprint=0603
Change Component Footprint: Designator=R35 Old Footprint=0805R New Footprint=0603
Change Component Footprint: Designator=R36 Old Footprint=0805R New Footprint=0603
Change Component Footprint: Designator=R37 Old Footprint=0805R New Footprint=0603
Change Component Footprint: Designator=R38 Old Footprint=0805R New Footprint=0603
Change Component Footprint: Designator=R39 Old Footprint=0805R New Footprint=0603
Change Component Footprint: Designator=R40 Old Footprint=0805R New Footprint=0603
Change Component Footprint: Designator=R41 Old Footprint=0805R New Footprint=0603
Change Component Footprint: Designator=R42 Old Footprint=0805R New Footprint=0603
Change Component Footprint: Designator=R43 Old Footprint=0805R New Footprint=0603
Change Component Footprint: Designator=R44 Old Footprint=0805R New Footprint=0603
Change Component Footprint: Designator=R45 Old Footprint=0805R New Footprint=0603
Change Component Footprint: Designator=R46 Old Footprint=0805R New Footprint=0603
Change Component Footprint: Designator=R47 Old Footprint=0805R New Footprint=0603
Change Component Footprint: Designator=R48 Old Footprint=0805R New Footprint=0603
Change Component Footprint: Designator=R49 Old Footprint=0805R New Footprint=0603
Change Component Footprint: Designator=R50 Old Footprint=0805R New Footprint=0603
Change Component Footprint: Designator=R51 Old Footprint=0805R New Footprint=0603
Change Component Footprint: Designator=R52 Old Footprint=0805R New Footprint=0603
Change Component Footprint: Designator=R53 Old Footprint=0805R New Footprint=0603
Change Component Footprint: Designator=R54 Old Footprint=0805R New Footprint=0603
Change Component Footprint: Designator=R55 Old Footprint=0805R New Footprint=0603
Change Component Footprint: Designator=R56 Old Footprint=0805R New Footprint=0603
Change Component Footprint: Designator=R57 Old Footprint=0805R New Footprint=0603
Change Component Footprint: Designator=R58 Old Footprint=0805R New Footprint=0603
Change Component Footprint: Designator=R59 Old Footprint=0805R New Footprint=0603
Added Room: Name=485Driver_MAX3462
Added Room: Name=CH1_CH2
Added Room: Name=CH3
Added Room: Name=EP3CE75F484
Added Room: Name=Power
Added Room: Name=STM32F103RBT6
