Removed Pin From Net: NetName=NetR74_2 Pin=U18-G1
Removed Pin From Net: NetName=NetT16_1 Pin=U18-M16
Removed Pin From Net: NetName=NetT14_1 Pin=U18-M20
Added Component: Designator=D1(0805_LED)
Added Component: Designator=D9(0805_LED)
Added Component: Designator=D10(0805_LED)
Added Component: Designator=D11(0805_LED)
Added Component: Designator=D12(0805_LED)
Added Component: Designator=D13(0805_LED)
Added Component: Designator=D14(0805_LED)
Added Component: Designator=D15(0805_LED)
Added Component: Designator=P9(HDR2X8)
Added Component: Designator=R88(0603)
Added Component: Designator=R129(0603)
Added Component: Designator=R130(0603)
Added Component: Designator=R131(0603)
Added Component: Designator=R132(0603)
Added Component: Designator=R133(0603)
Added Component: Designator=R134(0603)
Added Component: Designator=R135(0603)
Added Pin To Net: NetName=DGND Pin=D1-2
Added Pin To Net: NetName=DGND Pin=D9-2
Added Pin To Net: NetName=DGND Pin=D10-2
Added Pin To Net: NetName=DGND Pin=D11-2
Added Pin To Net: NetName=DGND Pin=D12-2
Added Pin To Net: NetName=DGND Pin=D13-2
Added Pin To Net: NetName=DGND Pin=D14-2
Added Pin To Net: NetName=DGND Pin=D15-2
Added Pin To Net: NetName=NetT16_1 Pin=U18-AA11
Added Pin To Net: NetName=NetT14_1 Pin=U18-AB11
Added Pin To Net: NetName=NetR74_2 Pin=U18-AB12
Added Pin To Net: NetName=FPGA_TEST1 Pin=P9-1
Added Pin To Net: NetName=FPGA_TEST1 Pin=U18-U1
Added Net: Name=FPGA_TEST1
Added Pin To Net: NetName=FPGA_TEST2 Pin=P9-2
Added Pin To Net: NetName=FPGA_TEST2 Pin=U18-V2
Added Net: Name=FPGA_TEST2
Added Pin To Net: NetName=FPGA_TEST3 Pin=P9-3
Added Pin To Net: NetName=FPGA_TEST3 Pin=U18-V1
Added Net: Name=FPGA_TEST3
Added Pin To Net: NetName=FPGA_TEST4 Pin=P9-4
Added Pin To Net: NetName=FPGA_TEST4 Pin=U18-P5
Added Net: Name=FPGA_TEST4
Added Pin To Net: NetName=FPGA_TEST5 Pin=P9-5
Added Pin To Net: NetName=FPGA_TEST5 Pin=U18-N6
Added Net: Name=FPGA_TEST5
Added Pin To Net: NetName=FPGA_TEST6 Pin=P9-6
Added Pin To Net: NetName=FPGA_TEST6 Pin=U18-R4
Added Net: Name=FPGA_TEST6
Added Pin To Net: NetName=FPGA_TEST7 Pin=P9-7
Added Pin To Net: NetName=FPGA_TEST7 Pin=U18-R3
Added Net: Name=FPGA_TEST7
Added Pin To Net: NetName=FPGA_TEST8 Pin=P9-8
Added Pin To Net: NetName=FPGA_TEST8 Pin=U18-W2
Added Net: Name=FPGA_TEST8
Added Pin To Net: NetName=FPGA_TEST9 Pin=P9-9
Added Pin To Net: NetName=FPGA_TEST9 Pin=U18-W1
Added Net: Name=FPGA_TEST9
Added Pin To Net: NetName=FPGA_TEST10 Pin=P9-10
Added Pin To Net: NetName=FPGA_TEST10 Pin=U18-Y2
Added Net: Name=FPGA_TEST10
Added Pin To Net: NetName=FPGA_TEST11 Pin=P9-11
Added Pin To Net: NetName=FPGA_TEST11 Pin=U18-Y1
Added Net: Name=FPGA_TEST11
Added Pin To Net: NetName=FPGA_TEST12 Pin=P9-12
Added Pin To Net: NetName=FPGA_TEST12 Pin=U18-T3
Added Net: Name=FPGA_TEST12
Added Pin To Net: NetName=FPGA_TEST13 Pin=P9-13
Added Pin To Net: NetName=FPGA_TEST13 Pin=U18-AA1
Added Net: Name=FPGA_TEST13
Added Pin To Net: NetName=FPGA_TEST14 Pin=P9-14
Added Pin To Net: NetName=FPGA_TEST14 Pin=U18-V4
Added Net: Name=FPGA_TEST14
Added Pin To Net: NetName=FPGA_TEST15 Pin=P9-15
Added Pin To Net: NetName=FPGA_TEST15 Pin=U18-V3
Added Net: Name=FPGA_TEST15
Added Pin To Net: NetName=FPGA_TEST16 Pin=P9-16
Added Pin To Net: NetName=FPGA_TEST16 Pin=U18-R5
Added Net: Name=FPGA_TEST16
Added Pin To Net: NetName=NetD1_1 Pin=D1-1
Added Pin To Net: NetName=NetD1_1 Pin=R88-1
Added Net: Name=NetD1_1
Added Pin To Net: NetName=NetD9_1 Pin=D9-1
Added Pin To Net: NetName=NetD9_1 Pin=R129-1
Added Net: Name=NetD9_1
Added Pin To Net: NetName=NetD10_1 Pin=D10-1
Added Pin To Net: NetName=NetD10_1 Pin=R130-1
Added Net: Name=NetD10_1
Added Pin To Net: NetName=NetD11_1 Pin=D11-1
Added Pin To Net: NetName=NetD11_1 Pin=R131-1
Added Net: Name=NetD11_1
Added Pin To Net: NetName=NetD12_1 Pin=D12-1
Added Pin To Net: NetName=NetD12_1 Pin=R132-1
Added Net: Name=NetD12_1
Added Pin To Net: NetName=NetD13_1 Pin=D13-1
Added Pin To Net: NetName=NetD13_1 Pin=R133-1
Added Net: Name=NetD13_1
Added Pin To Net: NetName=NetD14_1 Pin=D14-1
Added Pin To Net: NetName=NetD14_1 Pin=R134-1
Added Net: Name=NetD14_1
Added Pin To Net: NetName=NetD15_1 Pin=D15-1
Added Pin To Net: NetName=NetD15_1 Pin=R135-1
Added Net: Name=NetD15_1
Added Pin To Net: NetName=NetR88_2 Pin=R88-2
Added Pin To Net: NetName=NetR88_2 Pin=U18-AB15
Added Net: Name=NetR88_2
Added Pin To Net: NetName=NetR129_2 Pin=R129-2
Added Pin To Net: NetName=NetR129_2 Pin=U18-AA16
Added Net: Name=NetR129_2
Added Pin To Net: NetName=NetR130_2 Pin=R130-2
Added Pin To Net: NetName=NetR130_2 Pin=U18-V14
Added Net: Name=NetR130_2
Added Pin To Net: NetName=NetR131_2 Pin=R131-2
Added Pin To Net: NetName=NetR131_2 Pin=U18-W15
Added Net: Name=NetR131_2
Added Pin To Net: NetName=NetR132_2 Pin=R132-2
Added Pin To Net: NetName=NetR132_2 Pin=U18-AB17
Added Net: Name=NetR132_2
Added Pin To Net: NetName=NetR133_2 Pin=R133-2
Added Pin To Net: NetName=NetR133_2 Pin=U18-W17
Added Net: Name=NetR133_2
Added Pin To Net: NetName=NetR134_2 Pin=R134-2
Added Pin To Net: NetName=NetR134_2 Pin=U18-V16
Added Net: Name=NetR134_2
Added Pin To Net: NetName=NetR135_2 Pin=R135-2
Added Pin To Net: NetName=NetR135_2 Pin=U18-R16
Added Net: Name=NetR135_2
Added Member To Class: ClassName=EP3CE75F484 Member=Component D1 LED
Added Member To Class: ClassName=EP3CE75F484 Member=Component D9 LED
Added Member To Class: ClassName=EP3CE75F484 Member=Component D10 LED
Added Member To Class: ClassName=EP3CE75F484 Member=Component D11 LED
Added Member To Class: ClassName=EP3CE75F484 Member=Component D12 LED
Added Member To Class: ClassName=EP3CE75F484 Member=Component D13 LED
Added Member To Class: ClassName=EP3CE75F484 Member=Component D14 LED
Added Member To Class: ClassName=EP3CE75F484 Member=Component D15 LED
Added Member To Class: ClassName=EP3CE75F484 Member=Component P9 EXTERN_PIN
Added Member To Class: ClassName=EP3CE75F484 Member=Component R88 Res2
Added Member To Class: ClassName=EP3CE75F484 Member=Component R129 Res2
Added Member To Class: ClassName=EP3CE75F484 Member=Component R130 Res2
Added Member To Class: ClassName=EP3CE75F484 Member=Component R131 Res2
Added Member To Class: ClassName=EP3CE75F484 Member=Component R132 Res2
Added Member To Class: ClassName=EP3CE75F484 Member=Component R133 Res2
Added Member To Class: ClassName=EP3CE75F484 Member=Component R134 Res2
Added Member To Class: ClassName=EP3CE75F484 Member=Component R135 Res2
Added Room: Name=EP3CE75F484
Added Room: Name=FPGA_POWER
