Added Component: Designator=U18(FBGA484)
Added Pin To Net: NetName=DGND Pin=U18-A1
Added Pin To Net: NetName=+3.3V Pin=U18-A2
Added Pin To Net: NetName=+3.3V Pin=U18-A21
Added Pin To Net: NetName=DGND Pin=U18-A22
Added Pin To Net: NetName=DGND Pin=U18-AA2
Added Pin To Net: NetName=DGND Pin=U18-AA22
Added Pin To Net: NetName=DGND Pin=U18-AB1
Added Pin To Net: NetName=+3.3V Pin=U18-AB2
Added Pin To Net: NetName=+3.3V Pin=U18-AB21
Added Pin To Net: NetName=DGND Pin=U18-AB22
Added Pin To Net: NetName=DGND Pin=U18-C5
Added Pin To Net: NetName=DGND Pin=U18-C9
Added Pin To Net: NetName=DGND Pin=U18-C11
Added Pin To Net: NetName=DGND Pin=U18-C12
Added Pin To Net: NetName=DGND Pin=U18-C14
Added Pin To Net: NetName=DGND Pin=U18-C16
Added Pin To Net: NetName=DGND Pin=U18-D3
Added Pin To Net: NetName=+3.3V Pin=U18-D4
Added Pin To Net: NetName=+3.3V Pin=U18-D5
Added Pin To Net: NetName=+3.3V Pin=U18-D9
Added Pin To Net: NetName=+3.3V Pin=U18-D11
Added Pin To Net: NetName=+3.3V Pin=U18-D12
Added Pin To Net: NetName=+3.3V Pin=U18-D14
Added Pin To Net: NetName=+3.3V Pin=U18-D16
Added Pin To Net: NetName=FPGA_NCSO Pin=U18-E2
Added Pin To Net: NetName=DGND Pin=U18-E10
Added Pin To Net: NetName=+1.2V Pin=U18-E17
Added Pin To Net: NetName=DGND Pin=U18-E18
Added Pin To Net: NetName=+3.3V Pin=U18-E19
Added Pin To Net: NetName=DGND Pin=U18-E20
Added Pin To Net: NetName=DGND Pin=U18-F3
Added Pin To Net: NetName=+3.3V Pin=U18-F4
Added Pin To Net: NetName=DGND Pin=U18-F5
Added Pin To Net: NetName=+1.2V Pin=U18-F6
Added Pin To Net: NetName=NetT13_1 Pin=U18-F8
Added Pin To Net: NetName=DGND Pin=U18-F12
Added Pin To Net: NetName=DGND Pin=U18-F16
Added Pin To Net: NetName=+2.5V Pin=U18-F18
Added Pin To Net: NetName=NetR74_2 Pin=U18-G1
Added Pin To Net: NetName=DGND Pin=U18-G2
Added Pin To Net: NetName=+2.5V Pin=U18-G6
Added Pin To Net: NetName=+1.2V Pin=U18-G8
Added Pin To Net: NetName=DGND Pin=U18-G9
Added Pin To Net: NetName=+1.2V Pin=U18-G10
Added Pin To Net: NetName=DGND Pin=U18-G11
Added Pin To Net: NetName=+1.2V Pin=U18-G12
Added Pin To Net: NetName=DGND Pin=U18-G13
Added Pin To Net: NetName=+1.2V Pin=U18-G14
Added Pin To Net: NetName=DGND Pin=U18-G15
Added Pin To Net: NetName=+1.2V Pin=U18-G16
Added Pin To Net: NetName=DGND Pin=U18-G17
Added Pin To Net: NetName=+3.3V Pin=U18-G19
Added Pin To Net: NetName=DGND Pin=U18-G20
Added Pin To Net: NetName=FPGA_ASDO Pin=U18-H6
Added Pin To Net: NetName=DGND Pin=U18-H8
Added Pin To Net: NetName=+1.2V Pin=U18-H9
Added Pin To Net: NetName=DGND Pin=U18-H10
Added Pin To Net: NetName=+1.2V Pin=U18-H11
Added Pin To Net: NetName=DGND Pin=U18-H12
Added Pin To Net: NetName=DGND Pin=U18-H13
Added Pin To Net: NetName=DGND Pin=U18-H14
Added Pin To Net: NetName=+1.2V Pin=U18-H15
Added Pin To Net: NetName=DGND Pin=U18-H16
Added Pin To Net: NetName=+1.2V Pin=U18-J7
Added Pin To Net: NetName=+1.2V Pin=U18-J8
Added Pin To Net: NetName=DGND Pin=U18-J9
Added Pin To Net: NetName=+1.2V Pin=U18-J10
Added Pin To Net: NetName=+1.2V Pin=U18-J11
Added Pin To Net: NetName=+1.2V Pin=U18-J12
Added Pin To Net: NetName=+1.2V Pin=U18-J13
Added Pin To Net: NetName=+1.2V Pin=U18-J14
Added Pin To Net: NetName=DGND Pin=U18-J15
Added Pin To Net: NetName=+1.2V Pin=U18-J16
Added Pin To Net: NetName=+1.2V Pin=U18-J17
Added Pin To Net: NetName=FPGA_DATA0 Pin=U18-K1
Added Pin To Net: NetName=FPGA_DCLK Pin=U18-K2
Added Pin To Net: NetName=DGND Pin=U18-K3
Added Pin To Net: NetName=+3.3V Pin=U18-K4
Added Pin To Net: NetName=FPGA_NCONFIG Pin=U18-K5
Added Pin To Net: NetName=FPGA_NSTATUS Pin=U18-K6
Added Pin To Net: NetName=DGND Pin=U18-K7
Added Pin To Net: NetName=+1.2V Pin=U18-K8
Added Pin To Net: NetName=+1.2V Pin=U18-K9
Added Pin To Net: NetName=DGND Pin=U18-K10
Added Pin To Net: NetName=DGND Pin=U18-K11
Added Pin To Net: NetName=DGND Pin=U18-K12
Added Pin To Net: NetName=DGND Pin=U18-K13
Added Pin To Net: NetName=+1.2V Pin=U18-K14
Added Pin To Net: NetName=+1.2V Pin=U18-K15
Added Pin To Net: NetName=DGND Pin=U18-K16
Added Pin To Net: NetName=+1.2V Pin=U18-K17
Added Pin To Net: NetName=MSEL0 Pin=U18-K20
Added Pin To Net: NetName=FPGA_TMS Pin=U18-L1
Added Pin To Net: NetName=FPGA_TCK Pin=U18-L2
Added Pin To Net: NetName=FPGA_NCE Pin=U18-L3
Added Pin To Net: NetName=FPGA_TDO Pin=U18-L4
Added Pin To Net: NetName=FPGA_TDI Pin=U18-L5
Added Pin To Net: NetName=+1.2V Pin=U18-L7
Added Pin To Net: NetName=DGND Pin=U18-L8
Added Pin To Net: NetName=+1.2V Pin=U18-L9
Added Pin To Net: NetName=DGND Pin=U18-L10
Added Pin To Net: NetName=DGND Pin=U18-L11
Added Pin To Net: NetName=DGND Pin=U18-L12
Added Pin To Net: NetName=DGND Pin=U18-L13
Added Pin To Net: NetName=+1.2V Pin=U18-L14
Added Pin To Net: NetName=DGND Pin=U18-L15
Added Pin To Net: NetName=+1.2V Pin=U18-L16
Added Pin To Net: NetName=MSEL0 Pin=U18-L17
Added Pin To Net: NetName=MSEL1 Pin=U18-L18
Added Pin To Net: NetName=+3.3V Pin=U18-L19
Added Pin To Net: NetName=DGND Pin=U18-L20
Added Pin To Net: NetName=DGND Pin=U18-M7
Added Pin To Net: NetName=+1.2V Pin=U18-M8
Added Pin To Net: NetName=+1.2V Pin=U18-M9
Added Pin To Net: NetName=DGND Pin=U18-M10
Added Pin To Net: NetName=DGND Pin=U18-M11
Added Pin To Net: NetName=DGND Pin=U18-M12
Added Pin To Net: NetName=DGND Pin=U18-M13
Added Pin To Net: NetName=+1.2V Pin=U18-M14
Added Pin To Net: NetName=+1.2V Pin=U18-M15
Added Pin To Net: NetName=NetT16_1 Pin=U18-M16
Added Pin To Net: NetName=MSEL0 Pin=U18-M17
Added Pin To Net: NetName=FPGA_CONF_DONE Pin=U18-M18
Added Pin To Net: NetName=NetT15_1 Pin=U18-M19
Added Pin To Net: NetName=NetT14_1 Pin=U18-M20
Added Pin To Net: NetName=DGND Pin=U18-N3
Added Pin To Net: NetName=+3.3V Pin=U18-N4
Added Pin To Net: NetName=+1.2V Pin=U18-N7
Added Pin To Net: NetName=DGND Pin=U18-N8
Added Pin To Net: NetName=+1.2V Pin=U18-N9
Added Pin To Net: NetName=DGND Pin=U18-N10
Added Pin To Net: NetName=DGND Pin=U18-N11
Added Pin To Net: NetName=DGND Pin=U18-N12
Added Pin To Net: NetName=DGND Pin=U18-N13
Added Pin To Net: NetName=+1.2V Pin=U18-N14
Added Pin To Net: NetName=DGND Pin=U18-N15
Added Pin To Net: NetName=+1.2V Pin=U18-N16
Added Pin To Net: NetName=DGND Pin=U18-N17
Added Pin To Net: NetName=NetT12_1 Pin=U18-N19
Added Pin To Net: NetName=DGND Pin=U18-P6
Added Pin To Net: NetName=+1.2V Pin=U18-P7
Added Pin To Net: NetName=DGND Pin=U18-P8
Added Pin To Net: NetName=+1.2V Pin=U18-P9
Added Pin To Net: NetName=+1.2V Pin=U18-P10
Added Pin To Net: NetName=+1.2V Pin=U18-P11
Added Pin To Net: NetName=+1.2V Pin=U18-P12
Added Pin To Net: NetName=+1.2V Pin=U18-P13
Added Pin To Net: NetName=+1.2V Pin=U18-P14
Added Pin To Net: NetName=+1.2V Pin=U18-P15
Added Pin To Net: NetName=DGND Pin=U18-P16
Added Pin To Net: NetName=+1.2V Pin=U18-P17
Added Pin To Net: NetName=+3.3V Pin=U18-P18
Added Pin To Net: NetName=DGND Pin=U18-P19
Added Pin To Net: NetName=+1.2V Pin=U18-R6
Added Pin To Net: NetName=DGND Pin=U18-R7
Added Pin To Net: NetName=+1.2V Pin=U18-R8
Added Pin To Net: NetName=DGND Pin=U18-R9
Added Pin To Net: NetName=+1.2V Pin=U18-R10
Added Pin To Net: NetName=DGND Pin=U18-R11
Added Pin To Net: NetName=+1.2V Pin=U18-R12
Added Pin To Net: NetName=DGND Pin=U18-R13
Added Pin To Net: NetName=+1.2V Pin=U18-R15
Added Pin To Net: NetName=+2.5V Pin=U18-T6
Added Pin To Net: NetName=+1.2V Pin=U18-T7
Added Pin To Net: NetName=DGND Pin=U18-T8
Added Pin To Net: NetName=+1.2V Pin=U18-T9
Added Pin To Net: NetName=DGND Pin=U18-T10
Added Pin To Net: NetName=+1.2V Pin=U18-T11
Added Pin To Net: NetName=DGND Pin=U18-T12
Added Pin To Net: NetName=+1.2V Pin=U18-T13
Added Pin To Net: NetName=DGND Pin=U18-T14
Added Pin To Net: NetName=DGND Pin=U18-U3
Added Pin To Net: NetName=+3.3V Pin=U18-U4
Added Pin To Net: NetName=DGND Pin=U18-U5
Added Pin To Net: NetName=+1.2V Pin=U18-U6
Added Pin To Net: NetName=DGND Pin=U18-U7
Added Pin To Net: NetName=+1.2V Pin=U18-U8
Added Pin To Net: NetName=DGND Pin=U18-U13
Added Pin To Net: NetName=+2.5V Pin=U18-U18
Added Pin To Net: NetName=DGND Pin=U18-V6
Added Pin To Net: NetName=+1.2V Pin=U18-V7
Added Pin To Net: NetName=+1.2V Pin=U18-V17
Added Pin To Net: NetName=DGND Pin=U18-V18
Added Pin To Net: NetName=+3.3V Pin=U18-V19
Added Pin To Net: NetName=DGND Pin=U18-V20
Added Pin To Net: NetName=DGND Pin=U18-W3
Added Pin To Net: NetName=+3.3V Pin=U18-W4
Added Pin To Net: NetName=+3.3V Pin=U18-W5
Added Pin To Net: NetName=+3.3V Pin=U18-W9
Added Pin To Net: NetName=+3.3V Pin=U18-W11
Added Pin To Net: NetName=+3.3V Pin=U18-W12
Added Pin To Net: NetName=+3.3V Pin=U18-W16
Added Pin To Net: NetName=+3.3V Pin=U18-W18
Added Pin To Net: NetName=DGND Pin=U18-Y5
Added Pin To Net: NetName=DGND Pin=U18-Y9
Added Pin To Net: NetName=DGND Pin=U18-Y11
Added Pin To Net: NetName=DGND Pin=U18-Y12
Added Pin To Net: NetName=DGND Pin=U18-Y16
Added Pin To Net: NetName=DGND Pin=U18-Y18
Added Pin To Net: NetName=+3.3V Pin=U18-Y19
Added Pin To Net: NetName=DGND Pin=U18-Y20
Added Member To Class: ClassName=EP3CE75F484 Member=Component U18 EP4CE75F23I7
Added Room: Name=485Driver_MAX3462
Added Room: Name=CH1_CH2
Added Room: Name=CH3
Added Room: Name=EP3CE75F484
Added Room: Name=Power
Added Room: Name=STM32F103RBT6
