Removed Pin From Net: NetName=GND Pin=P3-1
Removed Pin From Net: NetName=GND Pin=P5-1
Removed Pin From Net: NetName=GND Pin=P7-1
Removed Pin From Net: NetName=GND Pin=P8-1
Removed Pin From Net: NetName=+5V_485 Pin=P9-1
Removed Pin From Net: NetName=GND Pin=P9-2
Removed Pin From Net: NetName=+5V_485 Pin=P10-1
Removed Pin From Net: NetName=GND Pin=P10-2
Removed Pin From Net: NetName=-12V Pin=P11-1
Removed Pin From Net: NetName=+12V Pin=P11-3
Removed Pin From Net: NetName=NetP1_2 Pin=R1-1
Removed Pin From Net: NetName=NetP1_1 Pin=R1-2
Removed Pin From Net: NetName=NetP2_2 Pin=R2-1
Removed Pin From Net: NetName=NetP2_1 Pin=R2-2
Removed Pin From Net: NetName=+5V_485 Pin=U1-1
Removed Pin From Net: NetName=GND Pin=U1-4
Removed Pin From Net: NetName=NetP4_2 Pin=U1-5
Removed Pin From Net: NetName=NetP4_1 Pin=U1-6
Removed Pin From Net: NetName=NetP1_2 Pin=U1-7
Removed Pin From Net: NetName=NetP1_1 Pin=U1-8
Removed Pin From Net: NetName=+5V_485 Pin=U2-1
Removed Pin From Net: NetName=GND Pin=U2-4
Removed Pin From Net: NetName=NetP6_2 Pin=U2-5
Removed Pin From Net: NetName=NetP6_1 Pin=U2-6
Removed Pin From Net: NetName=NetP2_2 Pin=U2-7
Removed Pin From Net: NetName=NetP2_1 Pin=U2-8
Removed Pin From Net: NetName=NetT15_1 Pin=U18-M19
Removed Member From Class: ClassName=485Driver_MAX3462 Member=P3
Removed Member From Class: ClassName=485Driver_MAX3462 Member=P5
Removed Member From Class: ClassName=485Driver_MAX3462 Member=P7
Removed Member From Class: ClassName=485Driver_MAX3462 Member=P8
Removed Member From Class: ClassName=485Driver_MAX3462 Member=P9
Removed Member From Class: ClassName=485Driver_MAX3462 Member=P10
Removed Member From Class: ClassName=EP3CE75F484 Member=T13
Removed Member From Class: ClassName=EP3CE75F484 Member=T13
Removed Member From Class: ClassName=485Driver_MAX3462 Member=U1
Removed Member From Class: ClassName=485Driver_MAX3462 Member=U1
Removed Member From Class: ClassName=485Driver_MAX3462 Member=U2
Removed Member From Class: ClassName=485Driver_MAX3462 Member=U2
Change Component Comment : Designator=U21 Old Comment=24C02 New Comment=24LC64
Change Component Comment : Designator=P11 Old Comment=Header 3 New Comment=POWER
Added Component: Designator=C?(0805C)
Added Component: Designator=C?(0805C)
Added Component: Designator=C?(0805C)
Added Component: Designator=C?(0805C)
Added Component: Designator=C?(0805C)
Added Component: Designator=C?(0805C)
Added Component: Designator=C?(0805C)
Added Component: Designator=C?(0805C)
Added Component: Designator=D?(0805_LED)
Added Component: Designator=D?(0805_LED)
Added Component: Designator=P?(HDR1X4)
Added Component: Designator=P?(HDR1X5)
Added Component: Designator=P?(HDR1X2)
Added Component: Designator=P?(HDR1X2)
Added Component: Designator=R?(0603)
Added Component: Designator=R?(0603)
Added Component: Designator=R?(0603)
Added Component: Designator=R?(0603)
Added Component: Designator=R?(0603)
Added Component: Designator=R?(0603)
Added Component: Designator=R?(0603)
Added Component: Designator=R?(0603)
Added Component: Designator=R?(0603)
Added Component: Designator=R?(0603)
Added Component: Designator=R?(0603)
Added Component: Designator=R?(0603)
Added Component: Designator=R?(0603)
Added Component: Designator=R?(0603)
Added Component: Designator=R?(0603)
Added Component: Designator=R?(0603)
Added Component: Designator=R?(0603)
Added Component: Designator=R?(0603)
Added Component: Designator=R?(0603)
Added Component: Designator=R?(0603)
Added Component: Designator=R?(0603)
Added Component: Designator=R?(0805R)
Added Component: Designator=R?(0805R)
Added Pin To Net: NetName=+5V_D Pin=C?-1
Added Pin To Net: NetName=+5V_D Pin=C?-1
Added Pin To Net: NetName=-12V Pin=C?-1
Added Pin To Net: NetName=GND Pin=C?-1
Added Pin To Net: NetName=GND Pin=C?-1
Added Pin To Net: NetName=GND Pin=C?-1
Added Pin To Net: NetName=GND Pin=C?-1
Added Pin To Net: NetName=GND Pin=C?-1
Added Pin To Net: NetName=+12V Pin=C?-2
Added Pin To Net: NetName=GND Pin=C?-2
Added Pin To Net: NetName=GND Pin=C?-2
Added Pin To Net: NetName=GND Pin=C?-2
Added Pin To Net: NetName=3V3 Pin=P?-1
Added Pin To Net: NetName=NetP1_1 Pin=R1-1
Added Pin To Net: NetName=NetP1_2 Pin=R1-2
Added Pin To Net: NetName=NetP2_1 Pin=R2-1
Added Pin To Net: NetName=NetP2_2 Pin=R2-2
Added Pin To Net: NetName=GND Pin=R?-1
Added Pin To Net: NetName=GND Pin=R?-1
Added Pin To Net: NetName=3V3 Pin=R?-2
Added Pin To Net: NetName=3V3 Pin=R?-2
Added Pin To Net: NetName=+12V Pin=R?-2
Added Pin To Net: NetName=-12V Pin=R?-2
Added Pin To Net: NetName=GND Pin=R?-2
Added Pin To Net: NetName=GND Pin=R?-2
Added Pin To Net: NetName=GND Pin=R?-2
Added Pin To Net: NetName=GND Pin=R?-2
Added Pin To Net: NetName=SCLK_2A Pin=U18-A14
Added Pin To Net: NetName=SYNC_3A Pin=U18-B13
Added Pin To Net: NetName=SYNC_1A Pin=U18-B16
Added Pin To Net: NetName=SYNC_2A Pin=U18-C13
Added Pin To Net: NetName=DOUT_1A Pin=U18-C15
Added Pin To Net: NetName=DOUT_2A Pin=U18-D13
Added Pin To Net: NetName=DIN_3A Pin=U18-E11
Added Pin To Net: NetName=DOUT_3A Pin=U18-E12
Added Pin To Net: NetName=DIN_2A Pin=U18-E13
Added Pin To Net: NetName=DIN_1A Pin=U18-E14
Added Pin To Net: NetName=SCLK_3A Pin=U18-F11
Added Pin To Net: NetName=SCLK_1A Pin=U18-F13
Added Pin To Net: NetName=NetT15_1 Pin=U18-P20
Added Pin To Net: NetName=ADC_IN0 Pin=R?-2
Added Pin To Net: NetName=ADC_IN0 Pin=U16-14
Added Net: Name=ADC_IN0
Added Pin To Net: NetName=ADC_IN1 Pin=R?-2
Added Pin To Net: NetName=ADC_IN1 Pin=U16-15
Added Net: Name=ADC_IN1
Added Pin To Net: NetName=ADC_IN2 Pin=R?-1
Added Pin To Net: NetName=ADC_IN2 Pin=U16-16
Added Net: Name=ADC_IN2
Added Pin To Net: NetName=ADC_IN3 Pin=R?-1
Added Pin To Net: NetName=ADC_IN3 Pin=U16-17
Added Net: Name=ADC_IN3
Added Pin To Net: NetName=CMD_BUS Pin=R?-2
Added Pin To Net: NetName=CMD_BUS Pin=U18-D20
Added Net: Name=CMD_BUS
Added Pin To Net: NetName=GPS_TIMER Pin=R?-2
Added Pin To Net: NetName=GPS_TIMER Pin=U18-F17
Added Net: Name=GPS_TIMER
Added Pin To Net: NetName=HMC5883_RDY Pin=U16-30
Added Net: Name=HMC5883_RDY
Added Pin To Net: NetName=HMC5883_SCL Pin=U16-29
Added Net: Name=HMC5883_SCL
Added Pin To Net: NetName=HMC5883_SDA Pin=P?-1
Added Pin To Net: NetName=HMC5883_SDA Pin=U16-61
Added Net: Name=HMC5883_SDA
Added Pin To Net: NetName=HMC5883_WSDA Pin=P?-2
Added Pin To Net: NetName=HMC5883_WSDA Pin=U16-62
Added Net: Name=HMC5883_WSDA
Added Pin To Net: NetName=MAIN_DATA_RXEN Pin=R?-1
Added Pin To Net: NetName=MAIN_DATA_RXEN Pin=U18-B22
Added Net: Name=MAIN_DATA_RXEN
Added Pin To Net: NetName=MAIN_DATA_TXEN Pin=R?-1
Added Pin To Net: NetName=MAIN_DATA_TXEN Pin=U18-B21
Added Net: Name=MAIN_DATA_TXEN
Added Pin To Net: NetName=MAIN_DATA Pin=R?-1
Added Pin To Net: NetName=MAIN_DATA Pin=U18-C20
Added Net: Name=MAIN_DATA
Added Pin To Net: NetName=MCU_FPGA_BAK1 Pin=U16-10
Added Pin To Net: NetName=MCU_FPGA_BAK1 Pin=U18-E8
Added Net: Name=MCU_FPGA_BAK1
Added Pin To Net: NetName=MCU_FPGA_BAK2 Pin=U16-11
Added Pin To Net: NetName=MCU_FPGA_BAK2 Pin=U18-A5
Added Net: Name=MCU_FPGA_BAK2
Added Pin To Net: NetName=MCU_FPGA_BAK3 Pin=U16-24
Added Pin To Net: NetName=MCU_FPGA_BAK3 Pin=U18-B5
Added Net: Name=MCU_FPGA_BAK3
Added Pin To Net: NetName=MCU_FPGA_BAK4 Pin=U16-25
Added Pin To Net: NetName=MCU_FPGA_BAK4 Pin=U18-F10
Added Net: Name=MCU_FPGA_BAK4
Added Pin To Net: NetName=MCU_FPGA_BAK5 Pin=U16-37
Added Pin To Net: NetName=MCU_FPGA_BAK5 Pin=U18-C6
Added Net: Name=MCU_FPGA_BAK5
Added Pin To Net: NetName=MCU_FPGA_BAK6 Pin=U16-38
Added Pin To Net: NetName=MCU_FPGA_BAK6 Pin=U18-D7
Added Net: Name=MCU_FPGA_BAK6
Added Pin To Net: NetName=NetC?_2 Pin=C?-2
Added Net: Name=NetC?_2
Added Pin To Net: NetName=NetD?_1 Pin=D?-1
Added Pin To Net: NetName=NetD?_1 Pin=R?-1
Added Net: Name=NetD?_1
Added Pin To Net: NetName=NetD?_2 Pin=D?-2
Added Pin To Net: NetName=NetD?_2 Pin=U16-39
Added Net: Name=NetD?_2
Added Pin To Net: NetName=NetP11_1 Pin=P11-1
Added Net: Name=NetP11_1
Added Pin To Net: NetName=NetP11_3 Pin=P11-3
Added Net: Name=NetP11_3
Added Pin To Net: NetName=NetP?_1 Pin=P?-1
Added Pin To Net: NetName=NetP?_1 Pin=R?-1
Added Net: Name=NetP?_1
Added Pin To Net: NetName=NetP?_2 Pin=P?-2
Added Pin To Net: NetName=NetP?_2 Pin=R?-2
Added Net: Name=NetP?_2
Added Pin To Net: NetName=NetR?_1 Pin=R?-1
Added Pin To Net: NetName=NetR?_1 Pin=R?-2
Added Net: Name=NetR?_1
Added Pin To Net: NetName=NetR?_2 Pin=R?-2
Added Net: Name=NetR?_2
Added Pin To Net: NetName=SPI1_MISO Pin=U16-22
Added Pin To Net: NetName=SPI1_MISO Pin=U18-E6
Added Net: Name=SPI1_MISO
Added Pin To Net: NetName=SPI1_MOSI Pin=U16-23
Added Pin To Net: NetName=SPI1_MOSI Pin=U18-E5
Added Net: Name=SPI1_MOSI
Added Pin To Net: NetName=SPI1_NSS Pin=U16-20
Added Pin To Net: NetName=SPI1_NSS Pin=U18-G7
Added Net: Name=SPI1_NSS
Added Pin To Net: NetName=SPI1_SCK Pin=U16-21
Added Pin To Net: NetName=SPI1_SCK Pin=U18-F9
Added Net: Name=SPI1_SCK
Added Pin To Net: NetName=TEST_I+ Pin=R?-1
Added Net: Name=TEST_I+
Added Pin To Net: NetName=TEST_I- Pin=R?-1
Added Net: Name=TEST_I-
Added Pin To Net: NetName=TEST_V+ Pin=C?-2
Added Pin To Net: NetName=TEST_V+ Pin=R?-1
Added Pin To Net: NetName=TEST_V+ Pin=R?-1
Added Net: Name=TEST_V+
Added Pin To Net: NetName=TEST_V- Pin=C?-2
Added Pin To Net: NetName=TEST_V- Pin=R?-1
Added Pin To Net: NetName=TEST_V- Pin=R?-1
Added Net: Name=TEST_V-
Added Pin To Net: NetName=TMP_DATA Pin=P?-2
Added Pin To Net: NetName=TMP_DATA Pin=U16-3
Added Net: Name=TMP_DATA
Added Member To Class: ClassName=Power Member=Component C? 104
Added Member To Class: ClassName=Power Member=Component C? 104
Added Member To Class: ClassName=Power Member=Component C? 102
Added Member To Class: ClassName=Power Member=Component C? 102
Added Member To Class: ClassName=STM32F103RBT6 Member=Component C? 104
Added Member To Class: ClassName=STM32F103RBT6 Member=Component C? 104
Added Member To Class: ClassName=STM32F103RBT6 Member=Component C? Cap
Added Member To Class: ClassName=STM32F103RBT6 Member=Component C? Cap
Added Member To Class: ClassName=STM32F103RBT6 Member=Component D? LED
Added Member To Class: ClassName=STM32F103RBT6 Member=Component D? LED
Added Member To Class: ClassName=485Driver_MAX3462 Member=Component P? Header 2H
Added Member To Class: ClassName=485Driver_MAX3462 Member=Component P? Header 2H
Added Member To Class: ClassName=STM32F103RBT6 Member=Component P? Header 4
Added Member To Class: ClassName=STM32F103RBT6 Member=Component P? Header 5
Added Member To Class: ClassName=485Driver_MAX3462 Member=Component R? 100
Added Member To Class: ClassName=485Driver_MAX3462 Member=Component R? 100
Added Member To Class: ClassName=485Driver_MAX3462 Member=Component R? 100
Added Member To Class: ClassName=485Driver_MAX3462 Member=Component R? 100
Added Member To Class: ClassName=485Driver_MAX3462 Member=Component R? 100
Added Member To Class: ClassName=485Driver_MAX3462 Member=Component R? 100
Added Member To Class: ClassName=485Driver_MAX3462 Member=Component R? 100
Added Member To Class: ClassName=Power Member=Component R? 000
Added Member To Class: ClassName=Power Member=Component R? 000
Added Member To Class: ClassName=STM32F103RBT6 Member=Component R? Res2
Added Member To Class: ClassName=STM32F103RBT6 Member=Component R? Res2
Added Member To Class: ClassName=STM32F103RBT6 Member=Component R? Res2
Added Member To Class: ClassName=STM32F103RBT6 Member=Component R? Res2
Added Member To Class: ClassName=STM32F103RBT6 Member=Component R? Res2
Added Member To Class: ClassName=STM32F103RBT6 Member=Component R? Res2
Added Member To Class: ClassName=STM32F103RBT6 Member=Component R? Res2
Added Member To Class: ClassName=STM32F103RBT6 Member=Component R? Res2
Added Member To Class: ClassName=STM32F103RBT6 Member=Component R? Res2
Added Member To Class: ClassName=STM32F103RBT6 Member=Component R? Res2
Added Member To Class: ClassName=STM32F103RBT6 Member=Component R? Res2
Added Member To Class: ClassName=STM32F103RBT6 Member=Component R? Res2
Added Member To Class: ClassName=STM32F103RBT6 Member=Component R? Res2
Added Member To Class: ClassName=STM32F103RBT6 Member=Component R? Res2
