Added Component: Designator=C27(0805C)
Added Component: Designator=C28(0805C)
Added Component: Designator=C29(0805C)
Added Component: Designator=C30(0805C)
Added Component: Designator=C31(0805C)
Added Component: Designator=C32(0805C)
Added Component: Designator=C33(0805C)
Added Component: Designator=C34(0805C)
Added Component: Designator=C35(0805C)
Added Component: Designator=P26(HDR1X2)
Added Component: Designator=P27(HDR1X6)
Added Component: Designator=R43(0805R)
Added Component: Designator=R44(0805R)
Added Component: Designator=R45(0805R)
Added Component: Designator=R46(0805R)
Added Component: Designator=R47(0805R)
Added Component: Designator=R48(0805R)
Added Component: Designator=R49(0805R)
Added Component: Designator=R50(0805R)
Added Component: Designator=R51(0805R)
Added Component: Designator=R52(0805R)
Added Component: Designator=R53(0805R)
Added Component: Designator=R54(0805R)
Added Component: Designator=R55(0805R)
Added Component: Designator=R56(0805R)
Added Component: Designator=R57(0805R)
Added Component: Designator=R58(0805R)
Added Component: Designator=R59(0805R)
Added Component: Designator=S3(HDR1X2)
Added Component: Designator=T5(TEST)
Added Component: Designator=T6(TEST)
Added Component: Designator=U13(SO8)
Added Component: Designator=U14(LFCSP32)
Added Component: Designator=U15(SO8)
Added Component: Designator=U16(SO8)
Added Pin To Net: NetName=AGND Pin=C27-1
Added Pin To Net: NetName=+5VA Pin=C27-2
Added Pin To Net: NetName=AGND Pin=C29-2
Added Pin To Net: NetName=AGND Pin=C31-1
Added Pin To Net: NetName=+5V Pin=C31-2
Added Pin To Net: NetName=AGND Pin=C32-1
Added Pin To Net: NetName=-5V Pin=C32-2
Added Pin To Net: NetName=+5VA Pin=C33-1
Added Pin To Net: NetName=AGND Pin=C33-2
Added Pin To Net: NetName=+5VA Pin=C34-1
Added Pin To Net: NetName=AGND Pin=C34-2
Added Pin To Net: NetName=+VREF Pin=C35-1
Added Pin To Net: NetName=AGND Pin=C35-2
Added Pin To Net: NetName=AGND Pin=P26-1
Added Pin To Net: NetName=DOUT_1A Pin=P27-1
Added Pin To Net: NetName=DIN_1A Pin=P27-2
Added Pin To Net: NetName=SCLK_1A Pin=P27-3
Added Pin To Net: NetName=SYNC_1A Pin=P27-4
Added Pin To Net: NetName=DGND Pin=P27-6
Added Pin To Net: NetName=OUT+ Pin=R44-2
Added Pin To Net: NetName=OUT+ Pin=R45-1
Added Pin To Net: NetName=AGND Pin=R46-1
Added Pin To Net: NetName=AGND Pin=R47-1
Added Pin To Net: NetName=DOUT_1A Pin=R48-2
Added Pin To Net: NetName=AGND Pin=R49-1
Added Pin To Net: NetName=DIN_1A Pin=R51-2
Added Pin To Net: NetName=SCLK_1A Pin=R52-2
Added Pin To Net: NetName=DGND Pin=R53-2
Added Pin To Net: NetName=AGND Pin=R54-1
Added Pin To Net: NetName=SYNC_1A Pin=R56-2
Added Pin To Net: NetName=OUT- Pin=R58-1
Added Pin To Net: NetName=AGND Pin=R59-1
Added Pin To Net: NetName=AGND Pin=S3-2
Added Pin To Net: NetName=-5V Pin=U13-4
Added Pin To Net: NetName=+5V Pin=U13-7
Added Pin To Net: NetName=+5VA Pin=U14-5
Added Pin To Net: NetName=AGND Pin=U14-6
Added Pin To Net: NetName=+VREF Pin=U14-17
Added Pin To Net: NetName=AGND Pin=U14-18
Added Pin To Net: NetName=AGND Pin=U14-21
Added Pin To Net: NetName=DGND Pin=U14-22
Added Pin To Net: NetName=+5VA Pin=U14-23
Added Pin To Net: NetName=+3.3V Pin=U14-24
Added Pin To Net: NetName=+5V Pin=U15-3
Added Pin To Net: NetName=OUT+ Pin=U15-4
Added Pin To Net: NetName=OUT- Pin=U15-5
Added Pin To Net: NetName=-5V Pin=U15-6
Added Pin To Net: NetName=+5VA Pin=U16-2
Added Pin To Net: NetName=AGND Pin=U16-4
Added Pin To Net: NetName=+VREF Pin=U16-6
Added Pin To Net: NetName=NetC28_1 Pin=C28-1
Added Pin To Net: NetName=NetC28_1 Pin=C30-1
Added Pin To Net: NetName=NetC28_1 Pin=R43-2
Added Pin To Net: NetName=NetC28_1 Pin=R55-2
Added Net: Name=NetC28_1
Added Pin To Net: NetName=NetC28_2 Pin=C28-2
Added Pin To Net: NetName=NetC28_2 Pin=R43-1
Added Pin To Net: NetName=NetC28_2 Pin=R47-2
Added Pin To Net: NetName=NetC28_2 Pin=U13-2
Added Net: Name=NetC28_2
Added Pin To Net: NetName=NetC29_1 Pin=C29-1
Added Pin To Net: NetName=NetC29_1 Pin=C30-2
Added Pin To Net: NetName=NetC29_1 Pin=U13-8
Added Net: Name=NetC29_1
Added Pin To Net: NetName=NetP26_2 Pin=P26-2
Added Pin To Net: NetName=NetP26_2 Pin=R55-1
Added Pin To Net: NetName=NetP26_2 Pin=R57-1
Added Net: Name=NetP26_2
Added Pin To Net: NetName=NetR44_1 Pin=R44-1
Added Pin To Net: NetName=NetR44_1 Pin=R49-2
Added Pin To Net: NetName=NetR44_1 Pin=U15-1
Added Net: Name=NetR44_1
Added Pin To Net: NetName=NetR45_2 Pin=R45-2
Added Pin To Net: NetName=NetR45_2 Pin=T5-1
Added Pin To Net: NetName=NetR45_2 Pin=U14-9
Added Net: Name=NetR45_2
Added Pin To Net: NetName=NetR46_2 Pin=R46-2
Added Pin To Net: NetName=NetR46_2 Pin=U15-2
Added Net: Name=NetR46_2
Added Pin To Net: NetName=NetR48_1 Pin=R48-1
Added Pin To Net: NetName=NetR48_1 Pin=U14-27
Added Net: Name=NetR48_1
Added Pin To Net: NetName=NetR50_1 Pin=R50-1
Added Pin To Net: NetName=NetR50_1 Pin=S3-1
Added Net: Name=NetR50_1
Added Pin To Net: NetName=NetR50_2 Pin=R50-2
Added Pin To Net: NetName=NetR50_2 Pin=R54-2
Added Pin To Net: NetName=NetR50_2 Pin=U13-3
Added Net: Name=NetR50_2
Added Pin To Net: NetName=NetR51_1 Pin=R51-1
Added Pin To Net: NetName=NetR51_1 Pin=U14-28
Added Net: Name=NetR51_1
Added Pin To Net: NetName=NetR52_1 Pin=R52-1
Added Pin To Net: NetName=NetR52_1 Pin=U14-31
Added Net: Name=NetR52_1
Added Pin To Net: NetName=NetR53_1 Pin=R53-1
Added Pin To Net: NetName=NetR53_1 Pin=U14-32
Added Net: Name=NetR53_1
Added Pin To Net: NetName=NetR56_1 Pin=R56-1
Added Pin To Net: NetName=NetR56_1 Pin=U14-25
Added Net: Name=NetR56_1
Added Pin To Net: NetName=NetR57_2 Pin=R57-2
Added Pin To Net: NetName=NetR57_2 Pin=U15-8
Added Net: Name=NetR57_2
Added Pin To Net: NetName=NetR58_2 Pin=R58-2
Added Pin To Net: NetName=NetR58_2 Pin=T6-1
Added Pin To Net: NetName=NetR58_2 Pin=U14-10
Added Net: Name=NetR58_2
Added Pin To Net: NetName=NetR59_2 Pin=R59-2
Added Pin To Net: NetName=NetR59_2 Pin=U15-7
Added Net: Name=NetR59_2
Added Class: Name=Sheet2
Added Room: Name=MAX3462
Added Room: Name=Power
Added Room: Name=Sheet1
Added Room: Name=Sheet2
