Added Component: Designator=C47(0805C)
Added Component: Designator=C58(0805C)
Added Component: Designator=C59(0805C)
Added Component: Designator=R67(0805R)
Added Component: Designator=R70(0805R)
Added Component: Designator=R86(0805R)
Added Component: Designator=R87(0805R)
Added Pin To Net: NetName=GND Pin=C47-2
Added Pin To Net: NetName=GND Pin=C58-2
Added Pin To Net: NetName=GND Pin=C59-2
Added Pin To Net: NetName=3V3 Pin=R67-2
Added Pin To Net: NetName=3V3 Pin=R70-2
Added Pin To Net: NetName=3V3 Pin=R86-2
Added Pin To Net: NetName=3V3 Pin=R87-1
Added Net: Name=3V3
Added Net: Name=5V
Added Net: Name=BOOT0
Added Net: Name=JTCK
Added Net: Name=JTMS
Added Pin To Net: NetName=NetBOOT1_1 Pin=R87-2
Added Net: Name=NetBOOT1_1
Added Net: Name=NetC54_2
Added Net: Name=NetC56_1
Added Net: Name=NetC56_2
Added Net: Name=NetC57_1
Added Net: Name=NetC57_2
Added Net: Name=NetC60_2
Added Net: Name=NetJ2_2
Added Net: Name=NetJ2_3
Added Net: Name=NetJ3_1
Added Net: Name=NetJ3_2
Added Net: Name=NetR66_1
Added Pin To Net: NetName=RST Pin=C47-1
Added Pin To Net: NetName=RST Pin=R67-1
Added Net: Name=RST
Added Net: Name=RX1
Added Net: Name=RX2
Added Pin To Net: NetName=SCL Pin=R70-1
Added Net: Name=SCL
Added Pin To Net: NetName=SDA Pin=R86-1
Added Net: Name=SDA
Added Net: Name=TX1
Added Net: Name=TX2
Added Pin To Net: NetName=X1 Pin=C58-1
Added Net: Name=X1
Added Pin To Net: NetName=X2 Pin=C59-1
Added Net: Name=X2
Added Class: Name=STM32F103RBT6
Added Room: Name=STM32F103RBT6
