Change Component Footprint: Designator=C39 Old Footprint=0805C New Footprint=0603
Change Component Footprint: Designator=C40 Old Footprint=0805C New Footprint=0603
Change Component Footprint: Designator=C41 Old Footprint=0805C New Footprint=0603
Change Component Footprint: Designator=C42 Old Footprint=0805C New Footprint=0603
Change Component Footprint: Designator=C43 Old Footprint=0805C New Footprint=0603
Change Component Footprint: Designator=C44 Old Footprint=0805C New Footprint=0603
Change Component Footprint: Designator=R74 Old Footprint=0805R New Footprint=0603
Change Component Footprint: Designator=R75 Old Footprint=0805R New Footprint=0603
Change Component Footprint: Designator=R76 Old Footprint=0805R New Footprint=0603
Change Component Footprint: Designator=R77 Old Footprint=0805R New Footprint=0603
Change Component Footprint: Designator=R78 Old Footprint=0805R New Footprint=0603
Change Component Footprint: Designator=R79 Old Footprint=0805R New Footprint=0603
Change Component Footprint: Designator=R81 Old Footprint=0805R New Footprint=0603
Change Component Footprint: Designator=R85 Old Footprint=0805R New Footprint=0603
Added Pin To Net: NetName=DGND Pin=U18-A1
Added Pin To Net: NetName=+3.3V Pin=U18-A2
Added Pin To Net: NetName=+3.3V Pin=U18-A21
Added Pin To Net: NetName=DGND Pin=U18-A22
Added Pin To Net: NetName=DGND Pin=U18-AA2
Added Pin To Net: NetName=DGND Pin=U18-AA22
Added Pin To Net: NetName=DGND Pin=U18-AB1
Added Pin To Net: NetName=DGND Pin=U18-AB22
Added Pin To Net: NetName=DGND Pin=U18-C5
Added Pin To Net: NetName=DGND Pin=U18-C9
Added Pin To Net: NetName=DGND Pin=U18-C11
Added Pin To Net: NetName=DGND Pin=U18-C12
Added Pin To Net: NetName=DGND Pin=U18-C14
Added Pin To Net: NetName=DGND Pin=U18-C16
Added Pin To Net: NetName=DGND Pin=U18-D3
Added Pin To Net: NetName=DGND Pin=U18-E10
Added Pin To Net: NetName=DGND Pin=U18-E18
Added Pin To Net: NetName=DGND Pin=U18-E20
Added Pin To Net: NetName=DGND Pin=U18-F3
Added Pin To Net: NetName=DGND Pin=U18-F5
Added Pin To Net: NetName=DGND Pin=U18-F12
Added Pin To Net: NetName=DGND Pin=U18-F16
Added Pin To Net: NetName=DGND Pin=U18-G2
Added Pin To Net: NetName=+1.2V Pin=U18-G8
Added Pin To Net: NetName=DGND Pin=U18-G9
Added Pin To Net: NetName=+1.2V Pin=U18-G10
Added Pin To Net: NetName=DGND Pin=U18-G11
Added Pin To Net: NetName=+1.2V Pin=U18-G12
Added Pin To Net: NetName=DGND Pin=U18-G13
Added Pin To Net: NetName=+1.2V Pin=U18-G14
Added Pin To Net: NetName=DGND Pin=U18-G15
Added Pin To Net: NetName=+1.2V Pin=U18-G16
Added Pin To Net: NetName=DGND Pin=U18-G17
Added Pin To Net: NetName=DGND Pin=U18-G20
Added Pin To Net: NetName=DGND Pin=U18-H8
Added Pin To Net: NetName=+1.2V Pin=U18-H9
Added Pin To Net: NetName=DGND Pin=U18-H10
Added Pin To Net: NetName=+1.2V Pin=U18-H11
Added Pin To Net: NetName=DGND Pin=U18-H12
Added Pin To Net: NetName=DGND Pin=U18-H13
Added Pin To Net: NetName=DGND Pin=U18-H14
Added Pin To Net: NetName=+1.2V Pin=U18-H15
Added Pin To Net: NetName=DGND Pin=U18-H16
Added Pin To Net: NetName=+1.2V Pin=U18-J7
Added Pin To Net: NetName=+1.2V Pin=U18-J8
Added Pin To Net: NetName=DGND Pin=U18-J9
Added Pin To Net: NetName=+1.2V Pin=U18-J10
Added Pin To Net: NetName=+1.2V Pin=U18-J11
Added Pin To Net: NetName=+1.2V Pin=U18-J12
Added Pin To Net: NetName=+1.2V Pin=U18-J13
Added Pin To Net: NetName=+1.2V Pin=U18-J14
Added Pin To Net: NetName=DGND Pin=U18-J15
Added Pin To Net: NetName=+1.2V Pin=U18-J16
Added Pin To Net: NetName=+1.2V Pin=U18-J17
Added Pin To Net: NetName=DGND Pin=U18-K3
Added Pin To Net: NetName=DGND Pin=U18-K7
Added Pin To Net: NetName=+1.2V Pin=U18-K8
Added Pin To Net: NetName=+1.2V Pin=U18-K9
Added Pin To Net: NetName=DGND Pin=U18-K10
Added Pin To Net: NetName=DGND Pin=U18-K11
Added Pin To Net: NetName=DGND Pin=U18-K12
Added Pin To Net: NetName=DGND Pin=U18-K13
Added Pin To Net: NetName=+1.2V Pin=U18-K14
Added Pin To Net: NetName=+1.2V Pin=U18-K15
Added Pin To Net: NetName=DGND Pin=U18-K16
Added Pin To Net: NetName=+1.2V Pin=U18-K17
Added Pin To Net: NetName=+1.2V Pin=U18-L7
Added Pin To Net: NetName=DGND Pin=U18-L8
Added Pin To Net: NetName=+1.2V Pin=U18-L9
Added Pin To Net: NetName=DGND Pin=U18-L10
Added Pin To Net: NetName=DGND Pin=U18-L11
Added Pin To Net: NetName=DGND Pin=U18-L12
Added Pin To Net: NetName=DGND Pin=U18-L13
Added Pin To Net: NetName=+1.2V Pin=U18-L14
Added Pin To Net: NetName=DGND Pin=U18-L15
Added Pin To Net: NetName=+1.2V Pin=U18-L16
Added Pin To Net: NetName=DGND Pin=U18-L20
Added Pin To Net: NetName=DGND Pin=U18-M7
Added Pin To Net: NetName=+1.2V Pin=U18-M8
Added Pin To Net: NetName=+1.2V Pin=U18-M9
Added Pin To Net: NetName=DGND Pin=U18-M10
Added Pin To Net: NetName=DGND Pin=U18-M11
Added Pin To Net: NetName=DGND Pin=U18-M12
Added Pin To Net: NetName=DGND Pin=U18-M13
Added Pin To Net: NetName=+1.2V Pin=U18-M14
Added Pin To Net: NetName=+1.2V Pin=U18-M15
Added Pin To Net: NetName=DGND Pin=U18-N3
Added Pin To Net: NetName=+3.3V Pin=U18-N4
Added Pin To Net: NetName=+1.2V Pin=U18-N7
Added Pin To Net: NetName=DGND Pin=U18-N8
Added Pin To Net: NetName=+1.2V Pin=U18-N9
Added Pin To Net: NetName=DGND Pin=U18-N10
Added Pin To Net: NetName=DGND Pin=U18-N11
Added Pin To Net: NetName=DGND Pin=U18-N12
Added Pin To Net: NetName=DGND Pin=U18-N13
Added Pin To Net: NetName=+1.2V Pin=U18-N14
Added Pin To Net: NetName=DGND Pin=U18-N15
Added Pin To Net: NetName=+1.2V Pin=U18-N16
Added Pin To Net: NetName=DGND Pin=U18-N17
Added Pin To Net: NetName=DGND Pin=U18-P6
Added Pin To Net: NetName=+1.2V Pin=U18-P7
Added Pin To Net: NetName=DGND Pin=U18-P8
Added Pin To Net: NetName=+1.2V Pin=U18-P9
Added Pin To Net: NetName=+1.2V Pin=U18-P10
Added Pin To Net: NetName=+1.2V Pin=U18-P11
Added Pin To Net: NetName=+1.2V Pin=U18-P12
Added Pin To Net: NetName=+1.2V Pin=U18-P13
Added Pin To Net: NetName=+1.2V Pin=U18-P14
Added Pin To Net: NetName=+1.2V Pin=U18-P15
Added Pin To Net: NetName=DGND Pin=U18-P16
Added Pin To Net: NetName=+1.2V Pin=U18-P17
Added Pin To Net: NetName=DGND Pin=U18-P19
Added Pin To Net: NetName=+1.2V Pin=U18-R6
Added Pin To Net: NetName=DGND Pin=U18-R7
Added Pin To Net: NetName=+1.2V Pin=U18-R8
Added Pin To Net: NetName=DGND Pin=U18-R9
Added Pin To Net: NetName=+1.2V Pin=U18-R10
Added Pin To Net: NetName=DGND Pin=U18-R11
Added Pin To Net: NetName=+1.2V Pin=U18-R12
Added Pin To Net: NetName=DGND Pin=U18-R13
Added Pin To Net: NetName=+1.2V Pin=U18-R15
Added Pin To Net: NetName=+1.2V Pin=U18-T7
Added Pin To Net: NetName=DGND Pin=U18-T8
Added Pin To Net: NetName=+1.2V Pin=U18-T9
Added Pin To Net: NetName=DGND Pin=U18-T10
Added Pin To Net: NetName=+1.2V Pin=U18-T11
Added Pin To Net: NetName=DGND Pin=U18-T12
Added Pin To Net: NetName=+1.2V Pin=U18-T13
Added Pin To Net: NetName=DGND Pin=U18-T14
Added Pin To Net: NetName=DGND Pin=U18-U3
Added Pin To Net: NetName=DGND Pin=U18-U5
Added Pin To Net: NetName=DGND Pin=U18-U7
Added Pin To Net: NetName=+1.2V Pin=U18-U8
Added Pin To Net: NetName=DGND Pin=U18-U13
Added Pin To Net: NetName=DGND Pin=U18-V6
Added Pin To Net: NetName=+1.2V Pin=U18-V7
Added Pin To Net: NetName=DGND Pin=U18-V18
Added Pin To Net: NetName=DGND Pin=U18-V20
Added Pin To Net: NetName=DGND Pin=U18-W3
Added Pin To Net: NetName=+3.3V Pin=U18-W5
Added Pin To Net: NetName=+3.3V Pin=U18-W16
Added Pin To Net: NetName=DGND Pin=U18-Y5
Added Pin To Net: NetName=DGND Pin=U18-Y9
Added Pin To Net: NetName=DGND Pin=U18-Y11
Added Pin To Net: NetName=DGND Pin=U18-Y12
Added Pin To Net: NetName=DGND Pin=U18-Y16
Added Pin To Net: NetName=DGND Pin=U18-Y18
Added Pin To Net: NetName=DGND Pin=U18-Y20
