Change Component Footprint: Designator=P1 Old Footprint=HDR1X2H New Footprint=HDR1X2
Change Component Footprint: Designator=P2 Old Footprint=HDR1X2H New Footprint=HDR1X2
Change Component Footprint: Designator=P3 Old Footprint=HDR1X2H New Footprint=HDR1X2
Change Component Footprint: Designator=P4 Old Footprint=HDR1X2H New Footprint=HDR1X2
Change Component Footprint: Designator=P5 Old Footprint=HDR1X2H New Footprint=HDR1X2
Change Component Footprint: Designator=P6 Old Footprint=HDR1X2H New Footprint=HDR1X2
Change Component Footprint: Designator=P7 Old Footprint=HDR1X2H New Footprint=HDR1X2
Change Component Footprint: Designator=P8 Old Footprint=HDR1X2H New Footprint=HDR1X2
Change Component Footprint: Designator=P9 Old Footprint=HDR1X2H New Footprint=HDR1X2
Change Component Footprint: Designator=P10 Old Footprint=HDR1X2H New Footprint=HDR1X2
Change Component Footprint: Designator=P11 Old Footprint=HDR1X2H New Footprint=HDR1X2
Change Component Footprint: Designator=P12 Old Footprint=HDR1X2H New Footprint=HDR1X2
Change Component Footprint: Designator=P13 Old Footprint=HDR1X2H New Footprint=HDR1X2
Change Component Footprint: Designator=P14 Old Footprint=HDR1X2H New Footprint=HDR1X2
Change Component Footprint: Designator=P15 Old Footprint=HDR1X2H New Footprint=HDR1X2
Change Component Footprint: Designator=P16 Old Footprint=HDR1X2H New Footprint=HDR1X2
Change Component Footprint: Designator=P17 Old Footprint=HDR1X2H New Footprint=HDR1X2
Change Component Footprint: Designator=P18 Old Footprint=HDR1X2H New Footprint=HDR1X2
Change Component Footprint: Designator=P19 Old Footprint=HDR1X2H New Footprint=HDR1X2
Change Component Footprint: Designator=P20 Old Footprint=HDR1X2H New Footprint=HDR1X2
Change Component Footprint: Designator=C3 Old Footprint=POLAR0.8 New Footprint=C68uF
Added Component: Designator=U1(SO8)
Added Component: Designator=U2(SO8)
Added Component: Designator=U3(SO8)
Added Component: Designator=U4(SO8)
Added Pin To Net: NetName=+5V_485 Pin=U1-1
Added Pin To Net: NetName=NetP3_2 Pin=U1-2
Added Pin To Net: NetName=NetP7_2 Pin=U1-3
Added Pin To Net: NetName=GND Pin=U1-4
Added Pin To Net: NetName=NetP4_2 Pin=U1-5
Added Pin To Net: NetName=NetP4_1 Pin=U1-6
Added Pin To Net: NetName=NetP1_2 Pin=U1-7
Added Pin To Net: NetName=NetP1_1 Pin=U1-8
Added Pin To Net: NetName=+5V_485 Pin=U2-1
Added Pin To Net: NetName=NetP5_2 Pin=U2-2
Added Pin To Net: NetName=NetP8_2 Pin=U2-3
Added Pin To Net: NetName=GND Pin=U2-4
Added Pin To Net: NetName=NetP6_2 Pin=U2-5
Added Pin To Net: NetName=NetP6_1 Pin=U2-6
Added Pin To Net: NetName=NetP2_2 Pin=U2-7
Added Pin To Net: NetName=NetP2_1 Pin=U2-8
Added Pin To Net: NetName=+5V_485 Pin=U3-1
Added Pin To Net: NetName=NetP13_2 Pin=U3-2
Added Pin To Net: NetName=NetP17_2 Pin=U3-3
Added Pin To Net: NetName=GND Pin=U3-4
Added Pin To Net: NetName=NetP14_2 Pin=U3-5
Added Pin To Net: NetName=NetP14_1 Pin=U3-6
Added Pin To Net: NetName=NetP11_2 Pin=U3-7
Added Pin To Net: NetName=NetP11_1 Pin=U3-8
Added Pin To Net: NetName=+5V_485 Pin=U4-1
Added Pin To Net: NetName=NetP15_2 Pin=U4-2
Added Pin To Net: NetName=NetP18_2 Pin=U4-3
Added Pin To Net: NetName=GND Pin=U4-4
Added Pin To Net: NetName=NetP16_2 Pin=U4-5
Added Pin To Net: NetName=NetP16_1 Pin=U4-6
Added Pin To Net: NetName=NetP12_2 Pin=U4-7
Added Pin To Net: NetName=NetP12_1 Pin=U4-8
Added Member To Class: ClassName=MAX3462 Member=Component U1 MAX3462
Added Member To Class: ClassName=MAX3462 Member=Component U2 MAX3462
Added Member To Class: ClassName=MAX3462 Member=Component U3 MAX3462
Added Member To Class: ClassName=MAX3462 Member=Component U4 MAX3462
