Added Component: Designator=C1(RAD-0.3)
Added Component: Designator=C2(RAD-0.3)
Added Component: Designator=C3(POLAR0.8)
Added Component: Designator=C4(POLAR0.8)
Added Component: Designator=C5(RAD-0.3)
Added Component: Designator=C6(RAD-0.3)
Added Component: Designator=C7(POLAR0.8)
Added Component: Designator=C8(POLAR0.8)
Added Component: Designator=C9(RAD-0.3)
Added Component: Designator=C10(RAD-0.3)
Added Component: Designator=C11(RAD-0.3)
Added Component: Designator=C12(RAD-0.3)
Added Component: Designator=C13(RAD-0.3)
Added Component: Designator=C14(RAD-0.3)
Added Component: Designator=C15(RAD-0.3)
Added Component: Designator=C16(RAD-0.3)
Added Component: Designator=C17(RAD-0.3)
Added Component: Designator=C18(RAD-0.3)
Added Component: Designator=C19(RAD-0.3)
Added Component: Designator=C20(RAD-0.3)
Added Component: Designator=C21(RAD-0.3)
Added Component: Designator=C22(RAD-0.3)
Added Component: Designator=C23(RAD-0.3)
Added Component: Designator=C24(RAD-0.3)
Added Component: Designator=C25(RAD-0.3)
Added Component: Designator=C26(RAD-0.3)
Added Component: Designator=P1(HDR1X2H)
Added Component: Designator=P2(HDR1X2H)
Added Component: Designator=P3(HDR1X2H)
Added Component: Designator=P4(HDR1X2H)
Added Component: Designator=P5(HDR1X2H)
Added Component: Designator=P6(HDR1X2H)
Added Component: Designator=P7(HDR1X2H)
Added Component: Designator=P8(HDR1X2H)
Added Component: Designator=P9(HDR1X2H)
Added Component: Designator=P10(HDR1X2H)
Added Component: Designator=P11(HDR1X2H)
Added Component: Designator=P12(HDR1X2H)
Added Component: Designator=P13(HDR1X2H)
Added Component: Designator=P14(HDR1X2H)
Added Component: Designator=P15(HDR1X2H)
Added Component: Designator=P16(HDR1X2H)
Added Component: Designator=P17(HDR1X2H)
Added Component: Designator=P18(HDR1X2H)
Added Component: Designator=P19(HDR1X2H)
Added Component: Designator=P20(HDR1X2H)
Added Component: Designator=P21(HDR1X2)
Added Component: Designator=P22(HDR1X2H)
Added Component: Designator=P23(HDR1X6)
Added Component: Designator=P24(HDR1X2H)
Added Component: Designator=P25(HDR1X6)
Added Component: Designator=R1(AXIAL-0.4)
Added Component: Designator=R2(AXIAL-0.4)
Added Component: Designator=R3(AXIAL-0.4)
Added Component: Designator=R4(AXIAL-0.4)
Added Component: Designator=R5(AXIAL-0.4)
Added Component: Designator=R6(AXIAL-0.4)
Added Component: Designator=R7(AXIAL-0.4)
Added Component: Designator=R8(AXIAL-0.4)
Added Component: Designator=R9(AXIAL-0.4)
Added Component: Designator=R10(AXIAL-0.4)
Added Component: Designator=R11(AXIAL-0.4)
Added Component: Designator=R12(AXIAL-0.4)
Added Component: Designator=R13(AXIAL-0.4)
Added Component: Designator=R14(AXIAL-0.4)
Added Component: Designator=R15(AXIAL-0.4)
Added Component: Designator=R16(0805R)
Added Component: Designator=R17(AXIAL-0.4)
Added Component: Designator=R18(AXIAL-0.4)
Added Component: Designator=R19(AXIAL-0.4)
Added Component: Designator=R20(AXIAL-0.4)
Added Component: Designator=R21(AXIAL-0.4)
Added Component: Designator=R22(AXIAL-0.4)
Added Component: Designator=R23(AXIAL-0.4)
Added Component: Designator=R24(AXIAL-0.4)
Added Component: Designator=R25(AXIAL-0.4)
Added Component: Designator=R26(AXIAL-0.4)
Added Component: Designator=R27(AXIAL-0.4)
Added Component: Designator=R28(AXIAL-0.4)
Added Component: Designator=R29(AXIAL-0.4)
Added Component: Designator=R30(AXIAL-0.4)
Added Component: Designator=R31(AXIAL-0.4)
Added Component: Designator=R32(AXIAL-0.4)
Added Component: Designator=R33(AXIAL-0.4)
Added Component: Designator=R34(AXIAL-0.4)
Added Component: Designator=R35(AXIAL-0.4)
Added Component: Designator=R36(AXIAL-0.4)
Added Component: Designator=R37(AXIAL-0.4)
Added Component: Designator=R38(AXIAL-0.4)
Added Component: Designator=R39(AXIAL-0.4)
Added Component: Designator=R40(AXIAL-0.4)
Added Component: Designator=R41(AXIAL-0.4)
Added Component: Designator=R42(AXIAL-0.4)
Added Net: Name=+3.3V
Added Pin To Net: NetName=+5V_485 Pin=C1-2
Added Pin To Net: NetName=+5V_485 Pin=C2-2
Added Pin To Net: NetName=+5V_485 Pin=C3-1
Added Pin To Net: NetName=+5V_485 Pin=C4-1
Added Pin To Net: NetName=+5V_485 Pin=C5-2
Added Pin To Net: NetName=+5V_485 Pin=C6-2
Added Pin To Net: NetName=+5V_485 Pin=C7-1
Added Pin To Net: NetName=+5V_485 Pin=C8-1
Added Pin To Net: NetName=+5V_485 Pin=P9-1
Added Pin To Net: NetName=+5V_485 Pin=P10-1
Added Pin To Net: NetName=+5V_485 Pin=P19-1
Added Pin To Net: NetName=+5V_485 Pin=P20-1
Added Net: Name=+5V_485
Added Pin To Net: NetName=+5VA Pin=C9-2
Added Pin To Net: NetName=+5VA Pin=C15-1
Added Pin To Net: NetName=+5VA Pin=C16-1
Added Pin To Net: NetName=+5VA Pin=C18-2
Added Pin To Net: NetName=+5VA Pin=C24-1
Added Pin To Net: NetName=+5VA Pin=C25-1
Added Net: Name=+5VA
Added Pin To Net: NetName=+5V Pin=C13-2
Added Pin To Net: NetName=+5V Pin=C22-2
Added Net: Name=+5V
Added Pin To Net: NetName=+12V Pin=P21-2
Added Net: Name=+12V
Added Pin To Net: NetName=+VREF Pin=C17-1
Added Pin To Net: NetName=+VREF Pin=C26-1
Added Net: Name=+VREF
Added Pin To Net: NetName=-5V Pin=C14-2
Added Pin To Net: NetName=-5V Pin=C23-2
Added Net: Name=-5V
Added Pin To Net: NetName=AGND Pin=C9-1
Added Pin To Net: NetName=AGND Pin=C11-2
Added Pin To Net: NetName=AGND Pin=C13-1
Added Pin To Net: NetName=AGND Pin=C14-1
Added Pin To Net: NetName=AGND Pin=C15-2
Added Pin To Net: NetName=AGND Pin=C16-2
Added Pin To Net: NetName=AGND Pin=C17-2
Added Pin To Net: NetName=AGND Pin=C18-1
Added Pin To Net: NetName=AGND Pin=C20-2
Added Pin To Net: NetName=AGND Pin=C22-1
Added Pin To Net: NetName=AGND Pin=C23-1
Added Pin To Net: NetName=AGND Pin=C24-2
Added Pin To Net: NetName=AGND Pin=C25-2
Added Pin To Net: NetName=AGND Pin=C26-2
Added Pin To Net: NetName=AGND Pin=P22-1
Added Pin To Net: NetName=AGND Pin=P24-1
Added Pin To Net: NetName=AGND Pin=R12-1
Added Pin To Net: NetName=AGND Pin=R13-1
Added Pin To Net: NetName=AGND Pin=R15-1
Added Pin To Net: NetName=AGND Pin=R20-1
Added Pin To Net: NetName=AGND Pin=R25-1
Added Pin To Net: NetName=AGND Pin=R29-1
Added Pin To Net: NetName=AGND Pin=R30-1
Added Pin To Net: NetName=AGND Pin=R32-1
Added Pin To Net: NetName=AGND Pin=R37-1
Added Pin To Net: NetName=AGND Pin=R42-1
Added Net: Name=AGND
Added Pin To Net: NetName=DGND Pin=P23-6
Added Pin To Net: NetName=DGND Pin=P25-6
Added Pin To Net: NetName=DGND Pin=R19-2
Added Pin To Net: NetName=DGND Pin=R36-2
Added Net: Name=DGND
Added Pin To Net: NetName=DIN_1A Pin=P23-2
Added Pin To Net: NetName=DIN_1A Pin=P25-2
Added Pin To Net: NetName=DIN_1A Pin=R17-2
Added Pin To Net: NetName=DIN_1A Pin=R34-2
Added Net: Name=DIN_1A
Added Pin To Net: NetName=DOUT_1A Pin=P23-1
Added Pin To Net: NetName=DOUT_1A Pin=P25-1
Added Pin To Net: NetName=DOUT_1A Pin=R14-2
Added Pin To Net: NetName=DOUT_1A Pin=R31-2
Added Net: Name=DOUT_1A
Added Pin To Net: NetName=GND Pin=C1-1
Added Pin To Net: NetName=GND Pin=C2-1
Added Pin To Net: NetName=GND Pin=C3-2
Added Pin To Net: NetName=GND Pin=C4-2
Added Pin To Net: NetName=GND Pin=C5-1
Added Pin To Net: NetName=GND Pin=C6-1
Added Pin To Net: NetName=GND Pin=C7-2
Added Pin To Net: NetName=GND Pin=C8-2
Added Pin To Net: NetName=GND Pin=P3-1
Added Pin To Net: NetName=GND Pin=P5-1
Added Pin To Net: NetName=GND Pin=P7-1
Added Pin To Net: NetName=GND Pin=P8-1
Added Pin To Net: NetName=GND Pin=P9-2
Added Pin To Net: NetName=GND Pin=P10-2
Added Pin To Net: NetName=GND Pin=P13-1
Added Pin To Net: NetName=GND Pin=P15-1
Added Pin To Net: NetName=GND Pin=P17-1
Added Pin To Net: NetName=GND Pin=P18-1
Added Pin To Net: NetName=GND Pin=P19-2
Added Pin To Net: NetName=GND Pin=P20-2
Added Net: Name=GND
Added Pin To Net: NetName=NetC10_1 Pin=C10-1
Added Pin To Net: NetName=NetC10_1 Pin=C12-1
Added Pin To Net: NetName=NetC10_1 Pin=R9-2
Added Pin To Net: NetName=NetC10_1 Pin=R21-2
Added Net: Name=NetC10_1
Added Pin To Net: NetName=NetC10_2 Pin=C10-2
Added Pin To Net: NetName=NetC10_2 Pin=R9-1
Added Pin To Net: NetName=NetC10_2 Pin=R13-2
Added Net: Name=NetC10_2
Added Pin To Net: NetName=NetC11_1 Pin=C11-1
Added Pin To Net: NetName=NetC11_1 Pin=C12-2
Added Net: Name=NetC11_1
Added Pin To Net: NetName=NetC19_1 Pin=C19-1
Added Pin To Net: NetName=NetC19_1 Pin=C21-1
Added Pin To Net: NetName=NetC19_1 Pin=R26-2
Added Pin To Net: NetName=NetC19_1 Pin=R38-2
Added Net: Name=NetC19_1
Added Pin To Net: NetName=NetC19_2 Pin=C19-2
Added Pin To Net: NetName=NetC19_2 Pin=R26-1
Added Pin To Net: NetName=NetC19_2 Pin=R30-2
Added Net: Name=NetC19_2
Added Pin To Net: NetName=NetC20_1 Pin=C20-1
Added Pin To Net: NetName=NetC20_1 Pin=C21-2
Added Net: Name=NetC20_1
Added Pin To Net: NetName=NetP1_1 Pin=P1-1
Added Pin To Net: NetName=NetP1_1 Pin=R1-2
Added Net: Name=NetP1_1
Added Pin To Net: NetName=NetP1_2 Pin=P1-2
Added Pin To Net: NetName=NetP1_2 Pin=R1-1
Added Net: Name=NetP1_2
Added Pin To Net: NetName=NetP2_1 Pin=P2-1
Added Pin To Net: NetName=NetP2_1 Pin=R2-2
Added Net: Name=NetP2_1
Added Pin To Net: NetName=NetP2_2 Pin=P2-2
Added Pin To Net: NetName=NetP2_2 Pin=R2-1
Added Net: Name=NetP2_2
Added Pin To Net: NetName=NetP3_2 Pin=P3-2
Added Net: Name=NetP3_2
Added Pin To Net: NetName=NetP4_1 Pin=P4-1
Added Pin To Net: NetName=NetP4_1 Pin=R3-2
Added Net: Name=NetP4_1
Added Pin To Net: NetName=NetP4_2 Pin=P4-2
Added Pin To Net: NetName=NetP4_2 Pin=R3-1
Added Net: Name=NetP4_2
Added Pin To Net: NetName=NetP5_2 Pin=P5-2
Added Net: Name=NetP5_2
Added Pin To Net: NetName=NetP6_1 Pin=P6-1
Added Pin To Net: NetName=NetP6_1 Pin=R4-2
Added Net: Name=NetP6_1
Added Pin To Net: NetName=NetP6_2 Pin=P6-2
Added Pin To Net: NetName=NetP6_2 Pin=R4-1
Added Net: Name=NetP6_2
Added Pin To Net: NetName=NetP7_2 Pin=P7-2
Added Net: Name=NetP7_2
Added Pin To Net: NetName=NetP8_2 Pin=P8-2
Added Net: Name=NetP8_2
Added Pin To Net: NetName=NetP11_1 Pin=P11-1
Added Pin To Net: NetName=NetP11_1 Pin=R5-2
Added Net: Name=NetP11_1
Added Pin To Net: NetName=NetP11_2 Pin=P11-2
Added Pin To Net: NetName=NetP11_2 Pin=R5-1
Added Net: Name=NetP11_2
Added Pin To Net: NetName=NetP12_1 Pin=P12-1
Added Pin To Net: NetName=NetP12_1 Pin=R6-2
Added Net: Name=NetP12_1
Added Pin To Net: NetName=NetP12_2 Pin=P12-2
Added Pin To Net: NetName=NetP12_2 Pin=R6-1
Added Net: Name=NetP12_2
Added Pin To Net: NetName=NetP13_2 Pin=P13-2
Added Net: Name=NetP13_2
Added Pin To Net: NetName=NetP14_1 Pin=P14-1
Added Pin To Net: NetName=NetP14_1 Pin=R7-2
Added Net: Name=NetP14_1
Added Pin To Net: NetName=NetP14_2 Pin=P14-2
Added Pin To Net: NetName=NetP14_2 Pin=R7-1
Added Net: Name=NetP14_2
Added Pin To Net: NetName=NetP15_2 Pin=P15-2
Added Net: Name=NetP15_2
Added Pin To Net: NetName=NetP16_1 Pin=P16-1
Added Pin To Net: NetName=NetP16_1 Pin=R8-2
Added Net: Name=NetP16_1
Added Pin To Net: NetName=NetP16_2 Pin=P16-2
Added Pin To Net: NetName=NetP16_2 Pin=R8-1
Added Net: Name=NetP16_2
Added Pin To Net: NetName=NetP17_2 Pin=P17-2
Added Net: Name=NetP17_2
Added Pin To Net: NetName=NetP18_2 Pin=P18-2
Added Net: Name=NetP18_2
Added Pin To Net: NetName=NetP22_2 Pin=P22-2
Added Pin To Net: NetName=NetP22_2 Pin=R21-1
Added Pin To Net: NetName=NetP22_2 Pin=R23-1
Added Net: Name=NetP22_2
Added Pin To Net: NetName=NetP24_2 Pin=P24-2
Added Pin To Net: NetName=NetP24_2 Pin=R38-1
Added Pin To Net: NetName=NetP24_2 Pin=R40-1
Added Net: Name=NetP24_2
Added Pin To Net: NetName=NetR10_1 Pin=R10-1
Added Pin To Net: NetName=NetR10_1 Pin=R15-2
Added Net: Name=NetR10_1
Added Pin To Net: NetName=NetR11_2 Pin=R11-2
Added Net: Name=NetR11_2
Added Pin To Net: NetName=NetR12_2 Pin=R12-2
Added Net: Name=NetR12_2
Added Pin To Net: NetName=NetR14_1 Pin=R14-1
Added Net: Name=NetR14_1
Added Pin To Net: NetName=NetR16_1 Pin=R16-1
Added Net: Name=NetR16_1
Added Pin To Net: NetName=NetR16_2 Pin=R16-2
Added Pin To Net: NetName=NetR16_2 Pin=R20-2
Added Net: Name=NetR16_2
Added Pin To Net: NetName=NetR17_1 Pin=R17-1
Added Net: Name=NetR17_1
Added Pin To Net: NetName=NetR18_1 Pin=R18-1
Added Net: Name=NetR18_1
Added Pin To Net: NetName=NetR19_1 Pin=R19-1
Added Net: Name=NetR19_1
Added Pin To Net: NetName=NetR22_1 Pin=R22-1
Added Net: Name=NetR22_1
Added Pin To Net: NetName=NetR23_2 Pin=R23-2
Added Net: Name=NetR23_2
Added Pin To Net: NetName=NetR24_2 Pin=R24-2
Added Net: Name=NetR24_2
Added Pin To Net: NetName=NetR25_2 Pin=R25-2
Added Net: Name=NetR25_2
Added Pin To Net: NetName=NetR27_1 Pin=R27-1
Added Pin To Net: NetName=NetR27_1 Pin=R32-2
Added Net: Name=NetR27_1
Added Pin To Net: NetName=NetR28_2 Pin=R28-2
Added Net: Name=NetR28_2
Added Pin To Net: NetName=NetR29_2 Pin=R29-2
Added Net: Name=NetR29_2
Added Pin To Net: NetName=NetR31_1 Pin=R31-1
Added Net: Name=NetR31_1
Added Pin To Net: NetName=NetR33_1 Pin=R33-1
Added Net: Name=NetR33_1
Added Pin To Net: NetName=NetR33_2 Pin=R33-2
Added Pin To Net: NetName=NetR33_2 Pin=R37-2
Added Net: Name=NetR33_2
Added Pin To Net: NetName=NetR34_1 Pin=R34-1
Added Net: Name=NetR34_1
Added Pin To Net: NetName=NetR35_1 Pin=R35-1
Added Net: Name=NetR35_1
Added Pin To Net: NetName=NetR36_1 Pin=R36-1
Added Net: Name=NetR36_1
Added Pin To Net: NetName=NetR39_1 Pin=R39-1
Added Net: Name=NetR39_1
Added Pin To Net: NetName=NetR40_2 Pin=R40-2
Added Net: Name=NetR40_2
Added Pin To Net: NetName=NetR41_2 Pin=R41-2
Added Net: Name=NetR41_2
Added Pin To Net: NetName=NetR42_2 Pin=R42-2
Added Net: Name=NetR42_2
Added Pin To Net: NetName=OUT+ Pin=R10-2
Added Pin To Net: NetName=OUT+ Pin=R11-1
Added Pin To Net: NetName=OUT+ Pin=R27-2
Added Pin To Net: NetName=OUT+ Pin=R28-1
Added Net: Name=OUT+
Added Pin To Net: NetName=OUT- Pin=R24-1
Added Pin To Net: NetName=OUT- Pin=R41-1
Added Net: Name=OUT-
Added Pin To Net: NetName=SCLK_1A Pin=P23-3
Added Pin To Net: NetName=SCLK_1A Pin=P25-3
Added Pin To Net: NetName=SCLK_1A Pin=R18-2
Added Pin To Net: NetName=SCLK_1A Pin=R35-2
Added Net: Name=SCLK_1A
Added Pin To Net: NetName=SGND Pin=P21-1
Added Net: Name=SGND
Added Pin To Net: NetName=SYNC_1A Pin=P23-4
Added Pin To Net: NetName=SYNC_1A Pin=P25-4
Added Pin To Net: NetName=SYNC_1A Pin=R22-2
Added Pin To Net: NetName=SYNC_1A Pin=R39-2
Added Net: Name=SYNC_1A
Added Class: Name=MAX3462
Added Class: Name=Power
Added Class: Name=Sheet1
Added Room: Name=MAX3462
Added Room: Name=Power
Added Room: Name=Sheet1
