Change Component Footprint: Designator=R7 Old Footprint=0805R New Footprint=I_ON
Change Component Footprint: Designator=R68 Old Footprint=0805R New Footprint=I_ON
Added Pin To Net: NetName=DGND Pin=C8-2
Added Pin To Net: NetName=DGND Pin=C24-2
Added Pin To Net: NetName=DGND Pin=C25-2
Added Pin To Net: NetName=DGND Pin=C33-2
Added Pin To Net: NetName=DGND Pin=C34-1
Added Pin To Net: NetName=DGND Pin=C36-1
Added Pin To Net: NetName=DGND Pin=C37-1
Added Pin To Net: NetName=DGND Pin=C38-2
Added Pin To Net: NetName=DGND Pin=C45-2
Added Pin To Net: NetName=DGND Pin=C46-1
Added Pin To Net: NetName=DGND Pin=C147-1
Added Pin To Net: NetName=DGND Pin=C148-2
Added Pin To Net: NetName=DGND Pin=C149-1
Added Pin To Net: NetName=DGND Pin=C150-2
Added Pin To Net: NetName=DGND Pin=C151-1
Added Pin To Net: NetName=DGND Pin=C152-1
Added Pin To Net: NetName=DGND Pin=D4-2
Added Pin To Net: NetName=DGND Pin=P11-2
Added Pin To Net: NetName=AGND Pin=R7-1
Added Pin To Net: NetName=DGND Pin=R68-2
Added Pin To Net: NetName=DGND Pin=R73-2
Added Pin To Net: NetName=DGND Pin=R111-2
Added Pin To Net: NetName=DGND Pin=R114-2
Added Pin To Net: NetName=DGND Pin=U4-2
Added Pin To Net: NetName=DGND Pin=U12-2
Added Pin To Net: NetName=DGND Pin=U12-2
Added Pin To Net: NetName=DGND Pin=U17-1
Added Pin To Net: NetName=DGND Pin=U25-5
Added Pin To Net: NetName=DGND Pin=U26-5
Added Room: Name=Power
