Removed Pin From Net: NetName=MCU_FPGA_BAK7 Pin=U18-A4
Removed Pin From Net: NetName=MCU_FPGA_BAK2 Pin=U18-A5
Removed Pin From Net: NetName=SCLK_2A Pin=U18-A14
Removed Pin From Net: NetName=FPGA_LED2 Pin=U18-AA17
Removed Pin From Net: NetName=FPGA_LED4 Pin=U18-AA18
Removed Pin From Net: NetName=FPGA_LED5 Pin=U18-AA19
Removed Pin From Net: NetName=FPGA_LED3 Pin=U18-AB17
Removed Pin From Net: NetName=FPGA_LED6 Pin=U18-AB19
Removed Pin From Net: NetName=MCU_FPGA_BAK3 Pin=U18-B5
Removed Pin From Net: NetName=SYNC_3A Pin=U18-B13
Removed Pin From Net: NetName=SYNC_1A Pin=U18-B16
Removed Pin From Net: NetName=MAIN_DATA_TXEN Pin=U18-B21
Removed Pin From Net: NetName=MAIN_DATA_RXEN Pin=U18-B22
Removed Pin From Net: NetName=MCU_FPGA_BAK5 Pin=U18-C6
Removed Pin From Net: NetName=SYNC_2A Pin=U18-C13
Removed Pin From Net: NetName=DOUT_1A Pin=U18-C15
Removed Pin From Net: NetName=MAIN_DATA Pin=U18-C20
Removed Pin From Net: NetName=MCU_FPGA_BAK6 Pin=U18-D7
Removed Pin From Net: NetName=DOUT_2A Pin=U18-D13
Removed Pin From Net: NetName=CMD_BUS Pin=U18-D20
Removed Pin From Net: NetName=SPI1_MOSI Pin=U18-E5
Removed Pin From Net: NetName=SPI1_MISO Pin=U18-E6
Removed Pin From Net: NetName=MCU_FPGA_BAK1 Pin=U18-E8
Removed Pin From Net: NetName=DIN_3A Pin=U18-E11
Removed Pin From Net: NetName=DOUT_3A Pin=U18-E12
Removed Pin From Net: NetName=DIN_2A Pin=U18-E13
Removed Pin From Net: NetName=DIN_1A Pin=U18-E14
Removed Pin From Net: NetName=FPGA_TEST12 Pin=U18-E22
Removed Pin From Net: NetName=SPI1_SCK Pin=U18-F9
Removed Pin From Net: NetName=MCU_FPGA_BAK4 Pin=U18-F10
Removed Pin From Net: NetName=SCLK_3A Pin=U18-F11
Removed Pin From Net: NetName=SCLK_1A Pin=U18-F13
Removed Pin From Net: NetName=GPS_TIMER Pin=U18-F17
Removed Pin From Net: NetName=FPGA_TEST7 Pin=U18-F21
Removed Pin From Net: NetName=FPGA_TEST6 Pin=U18-F22
Removed Pin From Net: NetName=SPI1_NSS Pin=U18-G7
Removed Pin From Net: NetName=FPGA_TEST11 Pin=U18-H19
Removed Pin From Net: NetName=FPGA_TEST10 Pin=U18-H20
Removed Pin From Net: NetName=FPGA_TEST3 Pin=U18-H21
Removed Pin From Net: NetName=FPGA_TEST2 Pin=U18-H22
Removed Pin From Net: NetName=FPGA_TEST5 Pin=U18-J18
Removed Pin From Net: NetName=FPGA_TEST9 Pin=U18-J19
Removed Pin From Net: NetName=FPGA_TEST8 Pin=U18-J20
Removed Pin From Net: NetName=FPGA_TEST1 Pin=U18-J22
Removed Pin From Net: NetName=FPGA_TEST4 Pin=U18-K18
Removed Pin From Net: NetName=MCLK_B Pin=U18-K19
Removed Pin From Net: NetName=MCLK_A Pin=U18-K22
Removed Pin From Net: NetName=MCLK_C Pin=U18-L21
Removed Pin From Net: NetName=FPGA_LED7 Pin=U18-W17
Removed Pin From Net: NetName=FPGA_LED8 Pin=U18-Y17
Added Pin To Net: NetName=MCLK_C Pin=U18-A3
Added Pin To Net: NetName=FPGA_LED7 Pin=U18-A4
Added Pin To Net: NetName=FPGA_LED6 Pin=U18-A5
Added Pin To Net: NetName=FPGA_LED5 Pin=U18-A6
Added Pin To Net: NetName=SYNC_2A Pin=U18-A8
Added Pin To Net: NetName=DIN_2A Pin=U18-A9
Added Pin To Net: NetName=SCLK_2A Pin=U18-A10
Added Pin To Net: NetName=SYNC_1A Pin=U18-A16
Added Pin To Net: NetName=DOUT_1A Pin=U18-A17
Added Pin To Net: NetName=DIN_1A Pin=U18-A18
Added Pin To Net: NetName=SCLK_1A Pin=U18-A19
Added Pin To Net: NetName=FPGA_TEST12 Pin=U18-A20
Added Pin To Net: NetName=GPS_TIMER Pin=U18-AA1
Added Pin To Net: NetName=MAIN_DATA Pin=U18-AA4
Added Pin To Net: NetName=SPI1_SCK Pin=U18-AA5
Added Pin To Net: NetName=MCU_FPGA_BAK3 Pin=U18-AA7
Added Pin To Net: NetName=CMD_BUS Pin=U18-AB3
Added Pin To Net: NetName=SPI1_MISO Pin=U18-AB5
Added Pin To Net: NetName=SPI1_NSS Pin=U18-AB6
Added Pin To Net: NetName=MCU_FPGA_BAK2 Pin=U18-AB7
Added Pin To Net: NetName=FPGA_LED8 Pin=U18-AB8
Added Pin To Net: NetName=FPGA_LED4 Pin=U18-AB10
Added Pin To Net: NetName=FPGA_LED3 Pin=U18-AB13
Added Pin To Net: NetName=FPGA_LED2 Pin=U18-AB16
Added Pin To Net: NetName=FPGA_TEST1 Pin=U18-AB20
Added Pin To Net: NetName=SYNC_3A Pin=U18-B1
Added Pin To Net: NetName=DOUT_3A Pin=U18-B2
Added Pin To Net: NetName=DIN_3A Pin=U18-B3
Added Pin To Net: NetName=SCLK_3A Pin=U18-B4
Added Pin To Net: NetName=DOUT_2A Pin=U18-B9
Added Pin To Net: NetName=MCLK_B Pin=U18-B10
Added Pin To Net: NetName=MCLK_A Pin=U18-B19
Added Pin To Net: NetName=FPGA_TEST11 Pin=U18-B21
Added Pin To Net: NetName=FPGA_TEST10 Pin=U18-C22
Added Pin To Net: NetName=FPGA_TEST9 Pin=U18-D22
Added Pin To Net: NetName=FPGA_TEST8 Pin=U18-E22
Added Pin To Net: NetName=FPGA_TEST7 Pin=U18-F22
Added Pin To Net: NetName=FPGA_TEST6 Pin=U18-J22
Added Pin To Net: NetName=FPGA_TEST5 Pin=U18-M22
Added Pin To Net: NetName=MCU_FPGA_BAK7 Pin=U18-N1
Added Pin To Net: NetName=MCU_FPGA_BAK6 Pin=U18-P1
Added Pin To Net: NetName=MCU_FPGA_BAK5 Pin=U18-R1
Added Pin To Net: NetName=FPGA_TEST4 Pin=U18-R22
Added Pin To Net: NetName=FPGA_TEST3 Pin=U18-U22
Added Pin To Net: NetName=SPI1_MOSI Pin=U18-V5
Added Pin To Net: NetName=MAIN_DATA_TXEN Pin=U18-Y3
Added Pin To Net: NetName=MAIN_DATA_RXEN Pin=U18-Y4
Added Pin To Net: NetName=MCU_FPGA_BAK1 Pin=U18-Y6
Added Pin To Net: NetName=MCU_FPGA_BAK4 Pin=U18-Y7
Added Pin To Net: NetName=FPGA_TEST2 Pin=U18-Y22
Added Room: Name=EP3CE75F484
Added Room: Name=FPGA_POWER
