Change Component Designator: Old Designator=BOOT0 New Designator=BOOT?
Change Component Designator: Old Designator=C001 New Designator=C?
Change Component Designator: Old Designator=C002 New Designator=C?
Change Component Designator: Old Designator=C005 New Designator=C?
Change Component Designator: Old Designator=C010 New Designator=C?
Change Component Designator: Old Designator=C013 New Designator=C?
Change Component Designator: Old Designator=C014 New Designator=C?
Change Component Designator: Old Designator=C015 New Designator=C?
Change Component Designator: Old Designator=C016 New Designator=C?
Change Component Designator: Old Designator=C017 New Designator=C?
Change Component Designator: Old Designator=C601 New Designator=C?
Change Component Designator: Old Designator=C602 New Designator=C?
Change Component Designator: Old Designator=C603 New Designator=C?
Change Component Designator: Old Designator=C604 New Designator=C?
Change Component Designator: Old Designator=C605 New Designator=C?
Change Component Designator: Old Designator=J601 New Designator=J?
Change Component Designator: Old Designator=J602 New Designator=J?
Change Component Designator: Old Designator=JP401 New Designator=JP?
Change Component Designator: Old Designator=R001 New Designator=R?
Change Component Designator: Old Designator=R002 New Designator=R?
Change Component Designator: Old Designator=R003 New Designator=R?
Change Component Designator: Old Designator=R601 New Designator=R?
Change Component Designator: Old Designator=R602 New Designator=R?
Change Component Designator: Old Designator=U1 New Designator=U?
Change Component Designator: Old Designator=U6-1 New Designator=U?
Change Component Designator: Old Designator=U6-2 New Designator=U?
Change Component Designator: Old Designator=Y1 New Designator=Y?
