Model Technology ModelSim SE-64 vlog 10.2c Compiler 2013.07 Jul 19 2013
C:\Tools\modeltech64_10.2c\win64\vlog.exe -reportprogress 300 -f flist 
-- Skipping module clk_gen
-- Skipping module rst_gen
-- Skipping module cmd_gen
-- Skipping module sim_ctrl_top
-- Skipping module sim_ctrl_mac
-- Skipping module sim_ctrl_phy
-- Skipping module gps_source
-- Skipping module tb
-- Compiling module top_s
-- Compiling module fx_bus
-- Skipping module clk_rst_top
-- Skipping module pluse_us_gen
-- Skipping module control_top
-- Skipping module rx_ctrl_top
-- Skipping module rx_ctrl_phy
-- Skipping module rx_ctrl_dec
-- Skipping module factory_ctrl
-- Skipping module tx_ctrl_top
-- Skipping module tx_ctrl_phy
-- Skipping module tx_ctrl_enc
-- Skipping module fx_bc
-- Skipping module fx_bm
-- Skipping module cfg_reg
-- Skipping module syn_top
-- Skipping module rx_syn_phy
-- Skipping module syn_dec
-- Skipping module syn_reg
-- Skipping module top_m
-- Skipping module syn_m_top
-- Skipping module syn_m_main
-- Skipping module syn_m_sync
-- Skipping module syn_m_info
-- Skipping module tx_info_phy

Top level modules:
	tb
